2025-01-27 15:17:51,190 [Worker-6: Loading available Gradle versions] INFO  o.e.b.c.i.u.g.PublishedGradleVersions - Gradle version information cache is up-to-date. Trying to read.
2025-01-27 15:18:34,605 [Worker-8: Loading available Gradle versions] INFO  o.e.b.c.i.u.g.PublishedGradleVersions - Gradle version information cache is up-to-date. Trying to read.
2025-01-27 15:19:39,198 [Worker-23: Launching mavenrun-d34a70f2-677f-4260-8654-b56792151206] INFO  o.eclipse.m2e.core.internal.Bundles - getClasspathEntries(Bundle=org.eclipse.m2e.maven.runtime_3.9.700.20240602-2313 [297])
2025-01-27 15:19:39,201 [Worker-23: Launching mavenrun-d34a70f2-677f-4260-8654-b56792151206] INFO  o.eclipse.m2e.core.internal.Bundles - 	Entry: C:\Users\akthe\.p2\pool\plugins\org.eclipse.m2e.maven.runtime_3.9.700.20240602-2313
2025-01-27 15:19:39,202 [Worker-23: Launching mavenrun-d34a70f2-677f-4260-8654-b56792151206] INFO  o.eclipse.m2e.core.internal.Bundles - 	Entry: C:\Users\akthe\.p2\pool\plugins\org.eclipse.m2e.maven.runtime_3.9.700.20240602-2313\jars\aopalliance-1.0.jar
2025-01-27 15:19:39,202 [Worker-23: Launching mavenrun-d34a70f2-677f-4260-8654-b56792151206] INFO  o.eclipse.m2e.core.internal.Bundles - 	Entry: C:\Users\akthe\.p2\pool\plugins\org.eclipse.m2e.maven.runtime_3.9.700.20240602-2313\jars\guice-5.1.0.jar
2025-01-27 15:19:39,202 [Worker-23: Launching mavenrun-d34a70f2-677f-4260-8654-b56792151206] INFO  o.eclipse.m2e.core.internal.Bundles - 	Entry: C:\Users\akthe\.p2\pool\plugins\org.eclipse.m2e.maven.runtime_3.9.700.20240602-2313\jars\httpclient-4.5.14.jar
2025-01-27 15:19:39,202 [Worker-23: Launching mavenrun-d34a70f2-677f-4260-8654-b56792151206] INFO  o.eclipse.m2e.core.internal.Bundles - 	Entry: C:\Users\akthe\.p2\pool\plugins\org.eclipse.m2e.maven.runtime_3.9.700.20240602-2313\jars\httpcore-4.4.16.jar
2025-01-27 15:19:39,202 [Worker-23: Launching mavenrun-d34a70f2-677f-4260-8654-b56792151206] INFO  o.eclipse.m2e.core.internal.Bundles - 	Entry: C:\Users\akthe\.p2\pool\plugins\org.eclipse.m2e.maven.runtime_3.9.700.20240602-2313\jars\jansi-2.4.1.jar
2025-01-27 15:19:39,202 [Worker-23: Launching mavenrun-d34a70f2-677f-4260-8654-b56792151206] INFO  o.eclipse.m2e.core.internal.Bundles - 	Entry: C:\Users\akthe\.p2\pool\plugins\org.eclipse.m2e.maven.runtime_3.9.700.20240602-2313\jars\jcl-over-slf4j-1.7.36.jar
2025-01-27 15:19:39,202 [Worker-23: Launching mavenrun-d34a70f2-677f-4260-8654-b56792151206] INFO  o.eclipse.m2e.core.internal.Bundles - 	Entry: C:\Users\akthe\.p2\pool\plugins\org.eclipse.m2e.maven.runtime_3.9.700.20240602-2313\jars\maven-artifact-3.9.7.jar
2025-01-27 15:19:39,203 [Worker-23: Launching mavenrun-d34a70f2-677f-4260-8654-b56792151206] INFO  o.eclipse.m2e.core.internal.Bundles - 	Entry: C:\Users\akthe\.p2\pool\plugins\org.eclipse.m2e.maven.runtime_3.9.700.20240602-2313\jars\maven-builder-support-3.9.7.jar
2025-01-27 15:19:39,203 [Worker-23: Launching mavenrun-d34a70f2-677f-4260-8654-b56792151206] INFO  o.eclipse.m2e.core.internal.Bundles - 	Entry: C:\Users\akthe\.p2\pool\plugins\org.eclipse.m2e.maven.runtime_3.9.700.20240602-2313\jars\maven-compat-3.9.7.jar
2025-01-27 15:19:39,203 [Worker-23: Launching mavenrun-d34a70f2-677f-4260-8654-b56792151206] INFO  o.eclipse.m2e.core.internal.Bundles - 	Entry: C:\Users\akthe\.p2\pool\plugins\org.eclipse.m2e.maven.runtime_3.9.700.20240602-2313\jars\maven-core-3.9.7.jar
2025-01-27 15:19:39,203 [Worker-23: Launching mavenrun-d34a70f2-677f-4260-8654-b56792151206] INFO  o.eclipse.m2e.core.internal.Bundles - 	Entry: C:\Users\akthe\.p2\pool\plugins\org.eclipse.m2e.maven.runtime_3.9.700.20240602-2313\jars\maven-embedder-3.9.7.jar
2025-01-27 15:19:39,203 [Worker-23: Launching mavenrun-d34a70f2-677f-4260-8654-b56792151206] INFO  o.eclipse.m2e.core.internal.Bundles - 	Entry: C:\Users\akthe\.p2\pool\plugins\org.eclipse.m2e.maven.runtime_3.9.700.20240602-2313\jars\maven-model-3.9.7.jar
2025-01-27 15:19:39,203 [Worker-23: Launching mavenrun-d34a70f2-677f-4260-8654-b56792151206] INFO  o.eclipse.m2e.core.internal.Bundles - 	Entry: C:\Users\akthe\.p2\pool\plugins\org.eclipse.m2e.maven.runtime_3.9.700.20240602-2313\jars\maven-model-builder-3.9.7.jar
2025-01-27 15:19:39,203 [Worker-23: Launching mavenrun-d34a70f2-677f-4260-8654-b56792151206] INFO  o.eclipse.m2e.core.internal.Bundles - 	Entry: C:\Users\akthe\.p2\pool\plugins\org.eclipse.m2e.maven.runtime_3.9.700.20240602-2313\jars\maven-plugin-api-3.9.7.jar
2025-01-27 15:19:39,203 [Worker-23: Launching mavenrun-d34a70f2-677f-4260-8654-b56792151206] INFO  o.eclipse.m2e.core.internal.Bundles - 	Entry: C:\Users\akthe\.p2\pool\plugins\org.eclipse.m2e.maven.runtime_3.9.700.20240602-2313\jars\maven-repository-metadata-3.9.7.jar
2025-01-27 15:19:39,204 [Worker-23: Launching mavenrun-d34a70f2-677f-4260-8654-b56792151206] INFO  o.eclipse.m2e.core.internal.Bundles - 	Entry: C:\Users\akthe\.p2\pool\plugins\org.eclipse.m2e.maven.runtime_3.9.700.20240602-2313\jars\maven-resolver-api-1.9.20.jar
2025-01-27 15:19:39,204 [Worker-23: Launching mavenrun-d34a70f2-677f-4260-8654-b56792151206] INFO  o.eclipse.m2e.core.internal.Bundles - 	Entry: C:\Users\akthe\.p2\pool\plugins\org.eclipse.m2e.maven.runtime_3.9.700.20240602-2313\jars\maven-resolver-connector-basic-1.9.20.jar
2025-01-27 15:19:39,204 [Worker-23: Launching mavenrun-d34a70f2-677f-4260-8654-b56792151206] INFO  o.eclipse.m2e.core.internal.Bundles - 	Entry: C:\Users\akthe\.p2\pool\plugins\org.eclipse.m2e.maven.runtime_3.9.700.20240602-2313\jars\maven-resolver-impl-1.9.20.jar
2025-01-27 15:19:39,204 [Worker-23: Launching mavenrun-d34a70f2-677f-4260-8654-b56792151206] INFO  o.eclipse.m2e.core.internal.Bundles - 	Entry: C:\Users\akthe\.p2\pool\plugins\org.eclipse.m2e.maven.runtime_3.9.700.20240602-2313\jars\maven-resolver-named-locks-1.9.20.jar
2025-01-27 15:19:39,204 [Worker-23: Launching mavenrun-d34a70f2-677f-4260-8654-b56792151206] INFO  o.eclipse.m2e.core.internal.Bundles - 	Entry: C:\Users\akthe\.p2\pool\plugins\org.eclipse.m2e.maven.runtime_3.9.700.20240602-2313\jars\maven-resolver-provider-3.9.7.jar
2025-01-27 15:19:39,204 [Worker-23: Launching mavenrun-d34a70f2-677f-4260-8654-b56792151206] INFO  o.eclipse.m2e.core.internal.Bundles - 	Entry: C:\Users\akthe\.p2\pool\plugins\org.eclipse.m2e.maven.runtime_3.9.700.20240602-2313\jars\maven-resolver-spi-1.9.20.jar
2025-01-27 15:19:39,204 [Worker-23: Launching mavenrun-d34a70f2-677f-4260-8654-b56792151206] INFO  o.eclipse.m2e.core.internal.Bundles - 	Entry: C:\Users\akthe\.p2\pool\plugins\org.eclipse.m2e.maven.runtime_3.9.700.20240602-2313\jars\maven-resolver-transport-file-1.9.20.jar
2025-01-27 15:19:39,204 [Worker-23: Launching mavenrun-d34a70f2-677f-4260-8654-b56792151206] INFO  o.eclipse.m2e.core.internal.Bundles - 	Entry: C:\Users\akthe\.p2\pool\plugins\org.eclipse.m2e.maven.runtime_3.9.700.20240602-2313\jars\maven-resolver-transport-http-1.9.20.jar
2025-01-27 15:19:39,205 [Worker-23: Launching mavenrun-d34a70f2-677f-4260-8654-b56792151206] INFO  o.eclipse.m2e.core.internal.Bundles - 	Entry: C:\Users\akthe\.p2\pool\plugins\org.eclipse.m2e.maven.runtime_3.9.700.20240602-2313\jars\maven-resolver-transport-wagon-1.9.20.jar
2025-01-27 15:19:39,205 [Worker-23: Launching mavenrun-d34a70f2-677f-4260-8654-b56792151206] INFO  o.eclipse.m2e.core.internal.Bundles - 	Entry: C:\Users\akthe\.p2\pool\plugins\org.eclipse.m2e.maven.runtime_3.9.700.20240602-2313\jars\maven-resolver-util-1.9.20.jar
2025-01-27 15:19:39,205 [Worker-23: Launching mavenrun-d34a70f2-677f-4260-8654-b56792151206] INFO  o.eclipse.m2e.core.internal.Bundles - 	Entry: C:\Users\akthe\.p2\pool\plugins\org.eclipse.m2e.maven.runtime_3.9.700.20240602-2313\jars\maven-settings-3.9.7.jar
2025-01-27 15:19:39,205 [Worker-23: Launching mavenrun-d34a70f2-677f-4260-8654-b56792151206] INFO  o.eclipse.m2e.core.internal.Bundles - 	Entry: C:\Users\akthe\.p2\pool\plugins\org.eclipse.m2e.maven.runtime_3.9.700.20240602-2313\jars\maven-settings-builder-3.9.7.jar
2025-01-27 15:19:39,205 [Worker-23: Launching mavenrun-d34a70f2-677f-4260-8654-b56792151206] INFO  o.eclipse.m2e.core.internal.Bundles - 	Entry: C:\Users\akthe\.p2\pool\plugins\org.eclipse.m2e.maven.runtime_3.9.700.20240602-2313\jars\maven-shared-utils-3.4.2.jar
2025-01-27 15:19:39,205 [Worker-23: Launching mavenrun-d34a70f2-677f-4260-8654-b56792151206] INFO  o.eclipse.m2e.core.internal.Bundles - 	Entry: C:\Users\akthe\.p2\pool\plugins\org.eclipse.m2e.maven.runtime_3.9.700.20240602-2313\jars\org.eclipse.sisu.inject-0.9.0.M2.jar
2025-01-27 15:19:39,205 [Worker-23: Launching mavenrun-d34a70f2-677f-4260-8654-b56792151206] INFO  o.eclipse.m2e.core.internal.Bundles - 	Entry: C:\Users\akthe\.p2\pool\plugins\org.eclipse.m2e.maven.runtime_3.9.700.20240602-2313\jars\org.eclipse.sisu.plexus-0.9.0.M2.jar
2025-01-27 15:19:39,206 [Worker-23: Launching mavenrun-d34a70f2-677f-4260-8654-b56792151206] INFO  o.eclipse.m2e.core.internal.Bundles - 	Entry: C:\Users\akthe\.p2\pool\plugins\org.eclipse.m2e.maven.runtime_3.9.700.20240602-2313\jars\plexus-build-api-0.0.7.jar
2025-01-27 15:19:39,206 [Worker-23: Launching mavenrun-d34a70f2-677f-4260-8654-b56792151206] INFO  o.eclipse.m2e.core.internal.Bundles - 	Entry: C:\Users\akthe\.p2\pool\plugins\org.eclipse.m2e.maven.runtime_3.9.700.20240602-2313\jars\plexus-build-api-1.2.0.jar
2025-01-27 15:19:39,206 [Worker-23: Launching mavenrun-d34a70f2-677f-4260-8654-b56792151206] INFO  o.eclipse.m2e.core.internal.Bundles - 	Entry: C:\Users\akthe\.p2\pool\plugins\org.eclipse.m2e.maven.runtime_3.9.700.20240602-2313\jars\plexus-cipher-2.0.jar
2025-01-27 15:19:39,206 [Worker-23: Launching mavenrun-d34a70f2-677f-4260-8654-b56792151206] INFO  o.eclipse.m2e.core.internal.Bundles - 	Entry: C:\Users\akthe\.p2\pool\plugins\org.eclipse.m2e.maven.runtime_3.9.700.20240602-2313\jars\plexus-classworlds-2.8.0.jar
2025-01-27 15:19:39,206 [Worker-23: Launching mavenrun-d34a70f2-677f-4260-8654-b56792151206] INFO  o.eclipse.m2e.core.internal.Bundles - 	Entry: C:\Users\akthe\.p2\pool\plugins\org.eclipse.m2e.maven.runtime_3.9.700.20240602-2313\jars\plexus-component-annotations-2.1.0.jar
2025-01-27 15:19:39,206 [Worker-23: Launching mavenrun-d34a70f2-677f-4260-8654-b56792151206] INFO  o.eclipse.m2e.core.internal.Bundles - 	Entry: C:\Users\akthe\.p2\pool\plugins\org.eclipse.m2e.maven.runtime_3.9.700.20240602-2313\jars\plexus-interpolation-1.27.jar
2025-01-27 15:19:39,206 [Worker-23: Launching mavenrun-d34a70f2-677f-4260-8654-b56792151206] INFO  o.eclipse.m2e.core.internal.Bundles - 	Entry: C:\Users\akthe\.p2\pool\plugins\org.eclipse.m2e.maven.runtime_3.9.700.20240602-2313\jars\plexus-sec-dispatcher-2.0.jar
2025-01-27 15:19:39,206 [Worker-23: Launching mavenrun-d34a70f2-677f-4260-8654-b56792151206] INFO  o.eclipse.m2e.core.internal.Bundles - 	Entry: C:\Users\akthe\.p2\pool\plugins\org.eclipse.m2e.maven.runtime_3.9.700.20240602-2313\jars\plexus-utils-3.5.1.jar
2025-01-27 15:19:39,206 [Worker-23: Launching mavenrun-d34a70f2-677f-4260-8654-b56792151206] INFO  o.eclipse.m2e.core.internal.Bundles - 	Entry: C:\Users\akthe\.p2\pool\plugins\org.eclipse.m2e.maven.runtime_3.9.700.20240602-2313\jars\wagon-file-3.5.3.jar
2025-01-27 15:19:39,207 [Worker-23: Launching mavenrun-d34a70f2-677f-4260-8654-b56792151206] INFO  o.eclipse.m2e.core.internal.Bundles - 	Entry: C:\Users\akthe\.p2\pool\plugins\org.eclipse.m2e.maven.runtime_3.9.700.20240602-2313\jars\wagon-http-3.5.3.jar
2025-01-27 15:19:39,207 [Worker-23: Launching mavenrun-d34a70f2-677f-4260-8654-b56792151206] INFO  o.eclipse.m2e.core.internal.Bundles - 	Entry: C:\Users\akthe\.p2\pool\plugins\org.eclipse.m2e.maven.runtime_3.9.700.20240602-2313\jars\wagon-http-shared-3.5.3.jar
2025-01-27 15:19:39,207 [Worker-23: Launching mavenrun-d34a70f2-677f-4260-8654-b56792151206] INFO  o.eclipse.m2e.core.internal.Bundles - 	Entry: C:\Users\akthe\.p2\pool\plugins\org.eclipse.m2e.maven.runtime_3.9.700.20240602-2313\jars\wagon-provider-api-3.5.3.jar
2025-01-27 15:19:39,209 [Worker-23: Launching mavenrun-d34a70f2-677f-4260-8654-b56792151206] INFO  o.eclipse.m2e.core.internal.Bundles - getClasspathEntries(Bundle=com.google.guava_33.2.0.jre [10])
2025-01-27 15:19:39,209 [Worker-23: Launching mavenrun-d34a70f2-677f-4260-8654-b56792151206] INFO  o.eclipse.m2e.core.internal.Bundles - 	Entry: C:\Users\akthe\.p2\pool\plugins\com.google.guava_33.2.0.jre.jar
2025-01-27 15:19:39,209 [Worker-23: Launching mavenrun-d34a70f2-677f-4260-8654-b56792151206] INFO  o.eclipse.m2e.core.internal.Bundles - getClasspathEntries(Bundle=slf4j.api_2.0.16 [565])
2025-01-27 15:19:39,209 [Worker-23: Launching mavenrun-d34a70f2-677f-4260-8654-b56792151206] INFO  o.eclipse.m2e.core.internal.Bundles - 	Entry: C:\Users\akthe\.p2\pool\plugins\slf4j.api_2.0.16.jar
2025-01-27 15:19:39,209 [Worker-23: Launching mavenrun-d34a70f2-677f-4260-8654-b56792151206] INFO  o.eclipse.m2e.core.internal.Bundles - getClasspathEntries(Bundle=jakarta.inject.jakarta.inject-api_1.0.5 [21])
2025-01-27 15:19:39,210 [Worker-23: Launching mavenrun-d34a70f2-677f-4260-8654-b56792151206] INFO  o.eclipse.m2e.core.internal.Bundles - 	Entry: C:\Users\akthe\.p2\pool\plugins\jakarta.inject.jakarta.inject-api_1.0.5.jar
2025-01-27 15:19:39,210 [Worker-23: Launching mavenrun-d34a70f2-677f-4260-8654-b56792151206] INFO  o.eclipse.m2e.core.internal.Bundles - getClasspathEntries(Bundle=javax.annotation_1.3.5.v20200909-1856 [24])
2025-01-27 15:19:39,210 [Worker-23: Launching mavenrun-d34a70f2-677f-4260-8654-b56792151206] INFO  o.eclipse.m2e.core.internal.Bundles - 	Entry: C:\Users\akthe\.p2\pool\plugins\javax.annotation_1.3.5.v20200909-1856.jar
2025-01-27 15:19:39,210 [Worker-23: Launching mavenrun-d34a70f2-677f-4260-8654-b56792151206] INFO  o.eclipse.m2e.core.internal.Bundles - getClasspathEntries(Bundle=org.apache.commons.cli_1.8.0 [47])
2025-01-27 15:19:39,210 [Worker-23: Launching mavenrun-d34a70f2-677f-4260-8654-b56792151206] INFO  o.eclipse.m2e.core.internal.Bundles - 	Entry: C:\Users\akthe\.p2\pool\plugins\org.apache.commons.cli_1.8.0.jar
2025-01-27 15:19:39,210 [Worker-23: Launching mavenrun-d34a70f2-677f-4260-8654-b56792151206] INFO  o.eclipse.m2e.core.internal.Bundles - getClasspathEntries(Bundle=org.apache.commons.commons-codec_1.16.0 [48])
2025-01-27 15:19:39,210 [Worker-23: Launching mavenrun-d34a70f2-677f-4260-8654-b56792151206] INFO  o.eclipse.m2e.core.internal.Bundles - 	Entry: C:\Users\akthe\.p2\pool\plugins\org.apache.commons.commons-codec_1.16.0.jar
2025-01-27 15:19:39,210 [Worker-23: Launching mavenrun-d34a70f2-677f-4260-8654-b56792151206] INFO  o.eclipse.m2e.core.internal.Bundles - getClasspathEntries(Bundle=org.apache.commons.lang3_3.14.0 [54])
2025-01-27 15:19:39,211 [Worker-23: Launching mavenrun-d34a70f2-677f-4260-8654-b56792151206] INFO  o.eclipse.m2e.core.internal.Bundles - 	Entry: C:\Users\akthe\.p2\pool\plugins\org.apache.commons.lang3_3.14.0.jar
2025-01-27 15:19:39,211 [Worker-23: Launching mavenrun-d34a70f2-677f-4260-8654-b56792151206] INFO  o.eclipse.m2e.core.internal.Bundles - getClasspathEntries(Bundle=com.google.guava.failureaccess_1.0.2 [11])
2025-01-27 15:19:39,211 [Worker-23: Launching mavenrun-d34a70f2-677f-4260-8654-b56792151206] INFO  o.eclipse.m2e.core.internal.Bundles - 	Entry: C:\Users\akthe\.p2\pool\plugins\com.google.guava.failureaccess_1.0.2.jar
2025-01-27 15:19:39,218 [Worker-23: Launching mavenrun-d34a70f2-677f-4260-8654-b56792151206] INFO  o.e.m.i.launch.MavenLaunchDelegate - Run build in "C:\Users\akthe\AppData\Local\Temp\m2e-archetypeGenerator2738077500661157622":
2025-01-27 15:19:39,221 [Worker-23: Launching mavenrun-d34a70f2-677f-4260-8654-b56792151206] INFO  o.e.m.i.launch.MavenLaunchDelegate -  mvn  -DjavaCompilerVersion=17 -DjunitVersion=5.11.0 -DarchetypeGroupId=org.apache.maven.archetypes -DarchetypeArtifactId=maven-archetype-quickstart -DarchetypeVersion=1.5 -DgroupId=Flipkart -DartifactId=Flipkart -Dversion=0.0.1-SNAPSHOT -Dpackage=Flipkart -DoutputDirectory="E:\SDET Codes Ecllipse" -Dstyle.color=always -U archetype:generate
2025-01-27 15:19:54,514 [Worker-14: Creating maven-archetype-quickstart] INFO  o.e.m.c.i.p.ProjectConfigurationManager - Collecting project info '/pom.xml' E:\SDET Codes Ecllipse\Flipkart\pom.xml
2025-01-27 15:19:55,097 [Worker-14: Creating maven-archetype-quickstart] INFO  o.e.m.c.i.l.LifecycleMappingFactory - Using org.eclipse.m2e.jdt.JarLifecycleMapping lifecycle mapping for MavenProject: Flipkart:Flipkart:0.0.1-SNAPSHOT @ E:\SDET Codes Ecllipse\Flipkart\pom.xml.
2025-01-27 15:19:55,678 [Worker-14: Creating maven-archetype-quickstart] INFO  o.e.m.j.i.AbstractJavaProjectConfigurator - Adding source folder /Flipkart/src/main/java
2025-01-27 15:19:55,679 [Worker-14: Creating maven-archetype-quickstart] INFO  o.e.m.j.i.AbstractJavaProjectConfigurator - Adding resource folder /Flipkart/src/main/resources
2025-01-27 15:19:55,687 [Worker-14: Creating maven-archetype-quickstart] INFO  o.e.m.j.i.AbstractJavaProjectConfigurator - Adding source folder /Flipkart/src/test/java
2025-01-27 15:19:55,688 [Worker-14: Creating maven-archetype-quickstart] INFO  o.e.m.j.i.AbstractJavaProjectConfigurator - Adding resource folder /Flipkart/src/test/resources
2025-01-27 15:19:56,043 [Worker-14: Creating maven-archetype-quickstart] INFO  o.e.m.c.i.p.ProjectConfigurationManager - Imported and configured 1 project(s) in 1 sec
2025-01-27 15:19:56,804 [Worker-14: Building] INFO  o.a.m.s.f.DefaultMavenResourcesFiltering - skip non existing resourceDirectory E:\SDET Codes Ecllipse\Flipkart\src\main\resources
2025-01-27 15:19:56,807 [Worker-14: Building] INFO  o.a.m.s.f.DefaultMavenResourcesFiltering - skip non existing resourceDirectory E:\SDET Codes Ecllipse\Flipkart\src\test\resources
2025-01-27 15:20:03,043 [Worker-5: Building] INFO  o.a.m.s.f.DefaultMavenResourcesFiltering - skip non existing resourceDirectory E:\SDET Codes Ecllipse\Flipkart\src\main\resources
2025-01-27 15:20:03,045 [Worker-5: Building] INFO  o.a.m.s.f.DefaultMavenResourcesFiltering - skip non existing resourceDirectory E:\SDET Codes Ecllipse\Flipkart\src\test\resources
2025-01-27 15:20:07,356 [Worker-28: Building] INFO  o.a.m.s.f.DefaultMavenResourcesFiltering - skip non existing resourceDirectory E:\SDET Codes Ecllipse\Flipkart\src\main\resources
2025-01-27 15:20:07,357 [Worker-28: Building] INFO  o.a.m.s.f.DefaultMavenResourcesFiltering - skip non existing resourceDirectory E:\SDET Codes Ecllipse\Flipkart\src\test\resources
2025-01-27 15:21:10,970 [Worker-1: Building] INFO  o.e.m.c.i.l.LifecycleMappingFactory - Using org.eclipse.m2e.jdt.JarLifecycleMapping lifecycle mapping for MavenProject: Flipkart:Flipkart:0.0.1-SNAPSHOT @ E:\SDET Codes Ecllipse\Flipkart\pom.xml.
2025-01-27 15:21:11,478 [Worker-1: Building] INFO  o.a.m.s.f.DefaultMavenResourcesFiltering - skip non existing resourceDirectory E:\SDET Codes Ecllipse\Flipkart\src\main\resources
2025-01-27 15:21:11,482 [Worker-1: Building] INFO  o.a.m.s.f.DefaultMavenResourcesFiltering - skip non existing resourceDirectory E:\SDET Codes Ecllipse\Flipkart\src\test\resources
2025-01-27 15:21:12,600 [Worker-18: Building] INFO  o.a.m.s.f.DefaultMavenResourcesFiltering - skip non existing resourceDirectory E:\SDET Codes Ecllipse\Flipkart\src\main\resources
2025-01-27 15:21:12,602 [Worker-18: Building] INFO  o.a.m.s.f.DefaultMavenResourcesFiltering - skip non existing resourceDirectory E:\SDET Codes Ecllipse\Flipkart\src\test\resources
2025-01-27 15:21:33,644 [Worker-33: Building] INFO  o.a.m.s.f.DefaultMavenResourcesFiltering - skip non existing resourceDirectory E:\SDET Codes Ecllipse\Flipkart\src\main\resources
2025-01-27 15:21:33,646 [Worker-33: Building] INFO  o.a.m.s.f.DefaultMavenResourcesFiltering - skip non existing resourceDirectory E:\SDET Codes Ecllipse\Flipkart\src\test\resources
2025-01-27 15:22:59,735 [Worker-11: Building] INFO  o.a.m.s.f.DefaultMavenResourcesFiltering - skip non existing resourceDirectory E:\SDET Codes Ecllipse\Flipkart\src\main\resources
2025-01-27 15:22:59,736 [Worker-11: Building] INFO  o.a.m.s.f.DefaultMavenResourcesFiltering - skip non existing resourceDirectory E:\SDET Codes Ecllipse\Flipkart\src\test\resources
2025-01-27 15:26:30,972 [Worker-13: Building] INFO  o.a.m.s.f.DefaultMavenResourcesFiltering - skip non existing resourceDirectory E:\SDET Codes Ecllipse\Flipkart\src\main\resources
2025-01-27 15:26:30,975 [Worker-13: Building] INFO  o.a.m.s.f.DefaultMavenResourcesFiltering - skip non existing resourceDirectory E:\SDET Codes Ecllipse\Flipkart\src\test\resources
2025-01-27 15:30:19,991 [Worker-10: Building] INFO  o.a.m.s.f.DefaultMavenResourcesFiltering - skip non existing resourceDirectory E:\SDET Codes Ecllipse\Flipkart\src\main\resources
2025-01-27 15:30:19,993 [Worker-10: Building] INFO  o.a.m.s.f.DefaultMavenResourcesFiltering - skip non existing resourceDirectory E:\SDET Codes Ecllipse\Flipkart\src\test\resources
2025-01-27 15:32:28,128 [Worker-17: Building] INFO  o.a.m.s.f.DefaultMavenResourcesFiltering - skip non existing resourceDirectory E:\SDET Codes Ecllipse\Flipkart\src\main\resources
2025-01-27 15:32:28,131 [Worker-17: Building] INFO  o.a.m.s.f.DefaultMavenResourcesFiltering - skip non existing resourceDirectory E:\SDET Codes Ecllipse\Flipkart\src\test\resources
2025-01-27 15:32:51,102 [Worker-10: Building] INFO  o.a.m.s.f.DefaultMavenResourcesFiltering - skip non existing resourceDirectory E:\SDET Codes Ecllipse\Flipkart\src\main\resources
2025-01-27 15:32:51,103 [Worker-10: Building] INFO  o.a.m.s.f.DefaultMavenResourcesFiltering - skip non existing resourceDirectory E:\SDET Codes Ecllipse\Flipkart\src\test\resources
2025-01-27 15:32:52,342 [Worker-4: Building] INFO  o.a.m.s.f.DefaultMavenResourcesFiltering - skip non existing resourceDirectory E:\SDET Codes Ecllipse\Flipkart\src\main\resources
2025-01-27 15:32:52,344 [Worker-4: Building] INFO  o.a.m.s.f.DefaultMavenResourcesFiltering - skip non existing resourceDirectory E:\SDET Codes Ecllipse\Flipkart\src\test\resources
2025-01-27 15:39:07,988 [Worker-35: Building] INFO  o.a.m.s.f.DefaultMavenResourcesFiltering - skip non existing resourceDirectory E:\SDET Codes Ecllipse\Flipkart\src\main\resources
2025-01-27 15:39:07,989 [Worker-35: Building] INFO  o.a.m.s.f.DefaultMavenResourcesFiltering - skip non existing resourceDirectory E:\SDET Codes Ecllipse\Flipkart\src\test\resources
2025-01-27 15:39:14,176 [Worker-0: Building] INFO  o.a.m.s.f.DefaultMavenResourcesFiltering - skip non existing resourceDirectory E:\SDET Codes Ecllipse\Flipkart\src\main\resources
2025-01-27 15:39:14,177 [Worker-0: Building] INFO  o.a.m.s.f.DefaultMavenResourcesFiltering - skip non existing resourceDirectory E:\SDET Codes Ecllipse\Flipkart\src\test\resources
2025-01-27 15:40:11,639 [Worker-35: Building] INFO  o.a.m.s.f.DefaultMavenResourcesFiltering - skip non existing resourceDirectory E:\SDET Codes Ecllipse\Flipkart\src\main\resources
2025-01-27 15:40:11,642 [Worker-35: Building] INFO  o.a.m.s.f.DefaultMavenResourcesFiltering - skip non existing resourceDirectory E:\SDET Codes Ecllipse\Flipkart\src\test\resources
2025-01-27 15:40:16,872 [Worker-0: Launching Basic] INFO  o.a.m.s.f.DefaultMavenResourcesFiltering - skip non existing resourceDirectory E:\SDET Codes Ecllipse\Flipkart\src\main\resources
2025-01-27 15:40:16,875 [Worker-0: Launching Basic] INFO  o.a.m.s.f.DefaultMavenResourcesFiltering - skip non existing resourceDirectory E:\SDET Codes Ecllipse\Flipkart\src\test\resources
2025-01-27 15:42:52,607 [Worker-35: Building] INFO  o.a.m.s.f.DefaultMavenResourcesFiltering - skip non existing resourceDirectory E:\SDET Codes Ecllipse\Flipkart\src\main\resources
2025-01-27 15:42:52,609 [Worker-35: Building] INFO  o.a.m.s.f.DefaultMavenResourcesFiltering - skip non existing resourceDirectory E:\SDET Codes Ecllipse\Flipkart\src\test\resources
2025-01-27 15:44:54,812 [Worker-15: Launching Basic] INFO  o.a.m.s.f.DefaultMavenResourcesFiltering - skip non existing resourceDirectory E:\SDET Codes Ecllipse\Flipkart\src\main\resources
2025-01-27 15:44:54,816 [Worker-15: Launching Basic] INFO  o.a.m.s.f.DefaultMavenResourcesFiltering - skip non existing resourceDirectory E:\SDET Codes Ecllipse\Flipkart\src\test\resources
2025-01-27 15:48:44,665 [Worker-36: Building] INFO  o.a.m.s.f.DefaultMavenResourcesFiltering - skip non existing resourceDirectory E:\SDET Codes Ecllipse\Flipkart\src\main\resources
2025-01-27 15:48:44,666 [Worker-36: Building] INFO  o.a.m.s.f.DefaultMavenResourcesFiltering - skip non existing resourceDirectory E:\SDET Codes Ecllipse\Flipkart\src\test\resources
2025-01-27 15:49:30,891 [Worker-37: Building] INFO  o.a.m.s.f.DefaultMavenResourcesFiltering - skip non existing resourceDirectory E:\SDET Codes Ecllipse\Flipkart\src\main\resources
2025-01-27 15:49:30,894 [Worker-37: Building] INFO  o.a.m.s.f.DefaultMavenResourcesFiltering - skip non existing resourceDirectory E:\SDET Codes Ecllipse\Flipkart\src\test\resources
2025-01-27 15:50:38,097 [Worker-4: Loading available Gradle versions] INFO  o.e.b.c.i.u.g.PublishedGradleVersions - Gradle version information cache is up-to-date. Trying to read.
2025-01-27 15:51:02,654 [Worker-29: Building] INFO  o.a.m.s.f.DefaultMavenResourcesFiltering - skip non existing resourceDirectory E:\SDET Codes Ecllipse\Flipkart\src\main\resources
2025-01-27 15:51:02,658 [Worker-29: Building] INFO  o.a.m.s.f.DefaultMavenResourcesFiltering - skip non existing resourceDirectory E:\SDET Codes Ecllipse\Flipkart\src\test\resources
2025-01-27 15:51:03,997 [Worker-11: Building] INFO  o.a.m.s.f.DefaultMavenResourcesFiltering - skip non existing resourceDirectory E:\SDET Codes Ecllipse\Flipkart\src\main\resources
2025-01-27 15:51:04,000 [Worker-11: Building] INFO  o.a.m.s.f.DefaultMavenResourcesFiltering - skip non existing resourceDirectory E:\SDET Codes Ecllipse\Flipkart\src\test\resources
2025-01-27 15:51:50,449 [Worker-12: Building] INFO  o.a.m.s.f.DefaultMavenResourcesFiltering - skip non existing resourceDirectory E:\SDET Codes Ecllipse\Flipkart\src\main\resources
2025-01-27 15:51:50,451 [Worker-12: Building] INFO  o.a.m.s.f.DefaultMavenResourcesFiltering - skip non existing resourceDirectory E:\SDET Codes Ecllipse\Flipkart\src\test\resources
2025-01-27 15:57:41,564 [Worker-0: Building] INFO  o.a.m.s.f.DefaultMavenResourcesFiltering - skip non existing resourceDirectory E:\SDET Codes Ecllipse\Flipkart\src\main\resources
2025-01-27 15:57:41,566 [Worker-0: Building] INFO  o.a.m.s.f.DefaultMavenResourcesFiltering - skip non existing resourceDirectory E:\SDET Codes Ecllipse\Flipkart\src\test\resources
2025-01-27 15:58:35,681 [Worker-17: Building] INFO  o.a.m.s.f.DefaultMavenResourcesFiltering - skip non existing resourceDirectory E:\SDET Codes Ecllipse\Flipkart\src\main\resources
2025-01-27 15:58:35,683 [Worker-17: Building] INFO  o.a.m.s.f.DefaultMavenResourcesFiltering - skip non existing resourceDirectory E:\SDET Codes Ecllipse\Flipkart\src\test\resources
2025-01-27 16:01:43,870 [Worker-33: Building] INFO  o.a.m.s.f.DefaultMavenResourcesFiltering - skip non existing resourceDirectory E:\SDET Codes Ecllipse\Flipkart\src\main\resources
2025-01-27 16:01:43,872 [Worker-33: Building] INFO  o.a.m.s.f.DefaultMavenResourcesFiltering - skip non existing resourceDirectory E:\SDET Codes Ecllipse\Flipkart\src\test\resources
2025-01-27 16:02:06,957 [Worker-17: Building] INFO  o.a.m.s.f.DefaultMavenResourcesFiltering - skip non existing resourceDirectory E:\SDET Codes Ecllipse\Flipkart\src\main\resources
2025-01-27 16:02:06,958 [Worker-17: Building] INFO  o.a.m.s.f.DefaultMavenResourcesFiltering - skip non existing resourceDirectory E:\SDET Codes Ecllipse\Flipkart\src\test\resources
2025-01-27 16:02:49,115 [Worker-17: Building] INFO  o.a.m.s.f.DefaultMavenResourcesFiltering - skip non existing resourceDirectory E:\SDET Codes Ecllipse\Flipkart\src\main\resources
2025-01-27 16:02:49,117 [Worker-17: Building] INFO  o.a.m.s.f.DefaultMavenResourcesFiltering - skip non existing resourceDirectory E:\SDET Codes Ecllipse\Flipkart\src\test\resources
2025-01-27 16:06:07,582 [Worker-32: Building] INFO  o.a.m.s.f.DefaultMavenResourcesFiltering - skip non existing resourceDirectory E:\SDET Codes Ecllipse\Flipkart\src\main\resources
2025-01-27 16:06:07,584 [Worker-32: Building] INFO  o.a.m.s.f.DefaultMavenResourcesFiltering - skip non existing resourceDirectory E:\SDET Codes Ecllipse\Flipkart\src\test\resources
2025-01-27 16:07:21,735 [Worker-17: Building] INFO  o.a.m.s.f.DefaultMavenResourcesFiltering - skip non existing resourceDirectory E:\SDET Codes Ecllipse\Flipkart\src\main\resources
2025-01-27 16:07:21,736 [Worker-17: Building] INFO  o.a.m.s.f.DefaultMavenResourcesFiltering - skip non existing resourceDirectory E:\SDET Codes Ecllipse\Flipkart\src\test\resources
2025-01-27 16:09:30,942 [Worker-32: Building] INFO  o.a.m.s.f.DefaultMavenResourcesFiltering - skip non existing resourceDirectory E:\SDET Codes Ecllipse\Flipkart\src\main\resources
2025-01-27 16:09:30,943 [Worker-32: Building] INFO  o.a.m.s.f.DefaultMavenResourcesFiltering - skip non existing resourceDirectory E:\SDET Codes Ecllipse\Flipkart\src\test\resources
2025-01-27 16:09:53,286 [Worker-35: Building] INFO  o.a.m.s.f.DefaultMavenResourcesFiltering - skip non existing resourceDirectory E:\SDET Codes Ecllipse\Flipkart\src\main\resources
2025-01-27 16:09:53,289 [Worker-35: Building] INFO  o.a.m.s.f.DefaultMavenResourcesFiltering - skip non existing resourceDirectory E:\SDET Codes Ecllipse\Flipkart\src\test\resources
2025-01-27 16:10:07,822 [Worker-17: Building] INFO  o.a.m.s.f.DefaultMavenResourcesFiltering - skip non existing resourceDirectory E:\SDET Codes Ecllipse\Flipkart\src\main\resources
2025-01-27 16:10:07,824 [Worker-17: Building] INFO  o.a.m.s.f.DefaultMavenResourcesFiltering - skip non existing resourceDirectory E:\SDET Codes Ecllipse\Flipkart\src\test\resources
2025-01-27 16:10:12,318 [Worker-17: Building] INFO  o.a.m.s.f.DefaultMavenResourcesFiltering - skip non existing resourceDirectory E:\SDET Codes Ecllipse\Flipkart\src\main\resources
2025-01-27 16:10:12,320 [Worker-17: Building] INFO  o.a.m.s.f.DefaultMavenResourcesFiltering - skip non existing resourceDirectory E:\SDET Codes Ecllipse\Flipkart\src\test\resources
2025-01-27 16:10:44,945 [Worker-9: Building] INFO  o.a.m.s.f.DefaultMavenResourcesFiltering - skip non existing resourceDirectory E:\SDET Codes Ecllipse\Flipkart\src\main\resources
2025-01-27 16:10:44,947 [Worker-9: Building] INFO  o.a.m.s.f.DefaultMavenResourcesFiltering - skip non existing resourceDirectory E:\SDET Codes Ecllipse\Flipkart\src\test\resources
2025-01-27 16:10:50,854 [Worker-32: Building] INFO  o.a.m.s.f.DefaultMavenResourcesFiltering - skip non existing resourceDirectory E:\SDET Codes Ecllipse\Flipkart\src\main\resources
2025-01-27 16:10:50,855 [Worker-32: Building] INFO  o.a.m.s.f.DefaultMavenResourcesFiltering - skip non existing resourceDirectory E:\SDET Codes Ecllipse\Flipkart\src\test\resources
2025-01-27 16:10:53,891 [Worker-17: Building] INFO  o.a.m.s.f.DefaultMavenResourcesFiltering - skip non existing resourceDirectory E:\SDET Codes Ecllipse\Flipkart\src\main\resources
2025-01-27 16:10:53,893 [Worker-17: Building] INFO  o.a.m.s.f.DefaultMavenResourcesFiltering - skip non existing resourceDirectory E:\SDET Codes Ecllipse\Flipkart\src\test\resources
2025-01-27 16:11:13,079 [Worker-32: Building] INFO  o.a.m.s.f.DefaultMavenResourcesFiltering - skip non existing resourceDirectory E:\SDET Codes Ecllipse\Flipkart\src\main\resources
2025-01-27 16:11:13,080 [Worker-32: Building] INFO  o.a.m.s.f.DefaultMavenResourcesFiltering - skip non existing resourceDirectory E:\SDET Codes Ecllipse\Flipkart\src\test\resources
2025-01-27 16:11:24,974 [Worker-17: Building] INFO  o.a.m.s.f.DefaultMavenResourcesFiltering - skip non existing resourceDirectory E:\SDET Codes Ecllipse\Flipkart\src\main\resources
2025-01-27 16:11:24,975 [Worker-17: Building] INFO  o.a.m.s.f.DefaultMavenResourcesFiltering - skip non existing resourceDirectory E:\SDET Codes Ecllipse\Flipkart\src\test\resources
2025-01-27 16:11:34,362 [Worker-31: Building] INFO  o.a.m.s.f.DefaultMavenResourcesFiltering - skip non existing resourceDirectory E:\SDET Codes Ecllipse\Flipkart\src\main\resources
2025-01-27 16:11:34,364 [Worker-31: Building] INFO  o.a.m.s.f.DefaultMavenResourcesFiltering - skip non existing resourceDirectory E:\SDET Codes Ecllipse\Flipkart\src\test\resources
2025-01-27 16:13:31,038 [Worker-32: Building] INFO  o.a.m.s.f.DefaultMavenResourcesFiltering - skip non existing resourceDirectory E:\SDET Codes Ecllipse\Flipkart\src\main\resources
2025-01-27 16:13:31,040 [Worker-32: Building] INFO  o.a.m.s.f.DefaultMavenResourcesFiltering - skip non existing resourceDirectory E:\SDET Codes Ecllipse\Flipkart\src\test\resources
2025-01-27 16:15:48,847 [Worker-17: Building] INFO  o.a.m.s.f.DefaultMavenResourcesFiltering - skip non existing resourceDirectory E:\SDET Codes Ecllipse\Flipkart\src\main\resources
2025-01-27 16:15:48,848 [Worker-17: Building] INFO  o.a.m.s.f.DefaultMavenResourcesFiltering - skip non existing resourceDirectory E:\SDET Codes Ecllipse\Flipkart\src\test\resources
2025-01-27 16:16:05,028 [Worker-35: Building] INFO  o.a.m.s.f.DefaultMavenResourcesFiltering - skip non existing resourceDirectory E:\SDET Codes Ecllipse\Flipkart\src\main\resources
2025-01-27 16:16:05,030 [Worker-35: Building] INFO  o.a.m.s.f.DefaultMavenResourcesFiltering - skip non existing resourceDirectory E:\SDET Codes Ecllipse\Flipkart\src\test\resources
2025-01-27 16:17:06,784 [Worker-32: Building] INFO  o.a.m.s.f.DefaultMavenResourcesFiltering - skip non existing resourceDirectory E:\SDET Codes Ecllipse\Flipkart\src\main\resources
2025-01-27 16:17:06,785 [Worker-32: Building] INFO  o.a.m.s.f.DefaultMavenResourcesFiltering - skip non existing resourceDirectory E:\SDET Codes Ecllipse\Flipkart\src\test\resources
2025-01-27 16:17:13,233 [Worker-34: Building] INFO  o.a.m.s.f.DefaultMavenResourcesFiltering - skip non existing resourceDirectory E:\SDET Codes Ecllipse\Flipkart\src\main\resources
2025-01-27 16:17:13,235 [Worker-34: Building] INFO  o.a.m.s.f.DefaultMavenResourcesFiltering - skip non existing resourceDirectory E:\SDET Codes Ecllipse\Flipkart\src\test\resources
2025-01-27 16:17:19,710 [Worker-9: Building] INFO  o.a.m.s.f.DefaultMavenResourcesFiltering - skip non existing resourceDirectory E:\SDET Codes Ecllipse\Flipkart\src\main\resources
2025-01-27 16:17:19,711 [Worker-9: Building] INFO  o.a.m.s.f.DefaultMavenResourcesFiltering - skip non existing resourceDirectory E:\SDET Codes Ecllipse\Flipkart\src\test\resources
2025-01-27 16:18:00,355 [Worker-17: Building] INFO  o.a.m.s.f.DefaultMavenResourcesFiltering - skip non existing resourceDirectory E:\SDET Codes Ecllipse\Flipkart\src\main\resources
2025-01-27 16:18:00,357 [Worker-17: Building] INFO  o.a.m.s.f.DefaultMavenResourcesFiltering - skip non existing resourceDirectory E:\SDET Codes Ecllipse\Flipkart\src\test\resources
2025-01-27 16:20:48,386 [Worker-36: Building] INFO  o.a.m.s.f.DefaultMavenResourcesFiltering - skip non existing resourceDirectory E:\SDET Codes Ecllipse\Flipkart\src\main\resources
2025-01-27 16:20:48,388 [Worker-36: Building] INFO  o.a.m.s.f.DefaultMavenResourcesFiltering - skip non existing resourceDirectory E:\SDET Codes Ecllipse\Flipkart\src\test\resources
2025-01-27 16:20:56,205 [Worker-17: Building] INFO  o.a.m.s.f.DefaultMavenResourcesFiltering - skip non existing resourceDirectory E:\SDET Codes Ecllipse\Flipkart\src\main\resources
2025-01-27 16:20:56,205 [Worker-17: Building] INFO  o.a.m.s.f.DefaultMavenResourcesFiltering - skip non existing resourceDirectory E:\SDET Codes Ecllipse\Flipkart\src\test\resources
2025-01-27 16:25:24,120 [Worker-17: Building] INFO  o.a.m.s.f.DefaultMavenResourcesFiltering - skip non existing resourceDirectory E:\SDET Codes Ecllipse\Flipkart\src\main\resources
2025-01-27 16:25:24,121 [Worker-17: Building] INFO  o.a.m.s.f.DefaultMavenResourcesFiltering - skip non existing resourceDirectory E:\SDET Codes Ecllipse\Flipkart\src\test\resources
2025-01-27 16:27:36,690 [Worker-32: Building] INFO  o.a.m.s.f.DefaultMavenResourcesFiltering - skip non existing resourceDirectory E:\SDET Codes Ecllipse\Flipkart\src\main\resources
2025-01-27 16:27:36,691 [Worker-32: Building] INFO  o.a.m.s.f.DefaultMavenResourcesFiltering - skip non existing resourceDirectory E:\SDET Codes Ecllipse\Flipkart\src\test\resources
2025-01-27 16:31:01,128 [Worker-34: Building] INFO  o.a.m.s.f.DefaultMavenResourcesFiltering - skip non existing resourceDirectory E:\SDET Codes Ecllipse\Flipkart\src\main\resources
2025-01-27 16:31:01,130 [Worker-34: Building] INFO  o.a.m.s.f.DefaultMavenResourcesFiltering - skip non existing resourceDirectory E:\SDET Codes Ecllipse\Flipkart\src\test\resources
2025-01-27 16:31:34,169 [Worker-17: Building] INFO  o.a.m.s.f.DefaultMavenResourcesFiltering - skip non existing resourceDirectory E:\SDET Codes Ecllipse\Flipkart\src\main\resources
2025-01-27 16:31:34,170 [Worker-17: Building] INFO  o.a.m.s.f.DefaultMavenResourcesFiltering - skip non existing resourceDirectory E:\SDET Codes Ecllipse\Flipkart\src\test\resources
2025-01-27 16:31:46,942 [Worker-32: Building] INFO  o.a.m.s.f.DefaultMavenResourcesFiltering - skip non existing resourceDirectory E:\SDET Codes Ecllipse\Flipkart\src\main\resources
2025-01-27 16:31:46,943 [Worker-32: Building] INFO  o.a.m.s.f.DefaultMavenResourcesFiltering - skip non existing resourceDirectory E:\SDET Codes Ecllipse\Flipkart\src\test\resources
2025-01-27 16:32:28,072 [Worker-34: Building] INFO  o.a.m.s.f.DefaultMavenResourcesFiltering - skip non existing resourceDirectory E:\SDET Codes Ecllipse\Flipkart\src\main\resources
2025-01-27 16:32:28,073 [Worker-34: Building] INFO  o.a.m.s.f.DefaultMavenResourcesFiltering - skip non existing resourceDirectory E:\SDET Codes Ecllipse\Flipkart\src\test\resources
2025-01-27 16:33:21,978 [Worker-38: Building] INFO  o.a.m.s.f.DefaultMavenResourcesFiltering - skip non existing resourceDirectory E:\SDET Codes Ecllipse\Flipkart\src\main\resources
2025-01-27 16:33:21,979 [Worker-38: Building] INFO  o.a.m.s.f.DefaultMavenResourcesFiltering - skip non existing resourceDirectory E:\SDET Codes Ecllipse\Flipkart\src\test\resources
2025-01-27 16:33:59,688 [Worker-38: Building] INFO  o.a.m.s.f.DefaultMavenResourcesFiltering - skip non existing resourceDirectory E:\SDET Codes Ecllipse\Flipkart\src\main\resources
2025-01-27 16:33:59,689 [Worker-38: Building] INFO  o.a.m.s.f.DefaultMavenResourcesFiltering - skip non existing resourceDirectory E:\SDET Codes Ecllipse\Flipkart\src\test\resources
2025-01-27 16:36:01,152 [Worker-32: Building] INFO  o.a.m.s.f.DefaultMavenResourcesFiltering - skip non existing resourceDirectory E:\SDET Codes Ecllipse\Flipkart\src\main\resources
2025-01-27 16:36:01,153 [Worker-32: Building] INFO  o.a.m.s.f.DefaultMavenResourcesFiltering - skip non existing resourceDirectory E:\SDET Codes Ecllipse\Flipkart\src\test\resources
2025-01-27 16:36:57,952 [Worker-17: Building] INFO  o.a.m.s.f.DefaultMavenResourcesFiltering - skip non existing resourceDirectory E:\SDET Codes Ecllipse\Flipkart\src\main\resources
2025-01-27 16:36:57,953 [Worker-17: Building] INFO  o.a.m.s.f.DefaultMavenResourcesFiltering - skip non existing resourceDirectory E:\SDET Codes Ecllipse\Flipkart\src\test\resources
2025-01-27 16:38:59,918 [Worker-38: Building] INFO  o.a.m.s.f.DefaultMavenResourcesFiltering - skip non existing resourceDirectory E:\SDET Codes Ecllipse\Flipkart\src\main\resources
2025-01-27 16:38:59,919 [Worker-38: Building] INFO  o.a.m.s.f.DefaultMavenResourcesFiltering - skip non existing resourceDirectory E:\SDET Codes Ecllipse\Flipkart\src\test\resources
2025-01-27 16:39:56,764 [Worker-37: Building] INFO  o.a.m.s.f.DefaultMavenResourcesFiltering - skip non existing resourceDirectory E:\SDET Codes Ecllipse\Flipkart\src\main\resources
2025-01-27 16:39:56,765 [Worker-37: Building] INFO  o.a.m.s.f.DefaultMavenResourcesFiltering - skip non existing resourceDirectory E:\SDET Codes Ecllipse\Flipkart\src\test\resources
2025-01-27 16:42:35,862 [Worker-39: Building] INFO  o.a.m.s.f.DefaultMavenResourcesFiltering - skip non existing resourceDirectory E:\SDET Codes Ecllipse\Flipkart\src\main\resources
2025-01-27 16:42:35,864 [Worker-39: Building] INFO  o.a.m.s.f.DefaultMavenResourcesFiltering - skip non existing resourceDirectory E:\SDET Codes Ecllipse\Flipkart\src\test\resources
2025-01-27 16:43:06,934 [Worker-39: Building] INFO  o.a.m.s.f.DefaultMavenResourcesFiltering - skip non existing resourceDirectory E:\SDET Codes Ecllipse\Flipkart\src\main\resources
2025-01-27 16:43:06,936 [Worker-39: Building] INFO  o.a.m.s.f.DefaultMavenResourcesFiltering - skip non existing resourceDirectory E:\SDET Codes Ecllipse\Flipkart\src\test\resources
2025-01-27 16:43:29,155 [Worker-17: Building] INFO  o.a.m.s.f.DefaultMavenResourcesFiltering - skip non existing resourceDirectory E:\SDET Codes Ecllipse\Flipkart\src\main\resources
2025-01-27 16:43:29,157 [Worker-17: Building] INFO  o.a.m.s.f.DefaultMavenResourcesFiltering - skip non existing resourceDirectory E:\SDET Codes Ecllipse\Flipkart\src\test\resources
2025-01-27 16:43:38,774 [Worker-39: Building] INFO  o.a.m.s.f.DefaultMavenResourcesFiltering - skip non existing resourceDirectory E:\SDET Codes Ecllipse\Flipkart\src\main\resources
2025-01-27 16:43:38,775 [Worker-39: Building] INFO  o.a.m.s.f.DefaultMavenResourcesFiltering - skip non existing resourceDirectory E:\SDET Codes Ecllipse\Flipkart\src\test\resources
2025-01-27 16:44:01,463 [Worker-39: Building] INFO  o.a.m.s.f.DefaultMavenResourcesFiltering - skip non existing resourceDirectory E:\SDET Codes Ecllipse\Flipkart\src\main\resources
2025-01-27 16:44:01,464 [Worker-39: Building] INFO  o.a.m.s.f.DefaultMavenResourcesFiltering - skip non existing resourceDirectory E:\SDET Codes Ecllipse\Flipkart\src\test\resources
2025-01-27 16:44:09,577 [Worker-39: Building] INFO  o.a.m.s.f.DefaultMavenResourcesFiltering - skip non existing resourceDirectory E:\SDET Codes Ecllipse\Flipkart\src\main\resources
2025-01-27 16:44:09,579 [Worker-39: Building] INFO  o.a.m.s.f.DefaultMavenResourcesFiltering - skip non existing resourceDirectory E:\SDET Codes Ecllipse\Flipkart\src\test\resources
2025-01-27 16:44:28,607 [Worker-41: Building] INFO  o.a.m.s.f.DefaultMavenResourcesFiltering - skip non existing resourceDirectory E:\SDET Codes Ecllipse\Flipkart\src\main\resources
2025-01-27 16:44:28,608 [Worker-41: Building] INFO  o.a.m.s.f.DefaultMavenResourcesFiltering - skip non existing resourceDirectory E:\SDET Codes Ecllipse\Flipkart\src\test\resources
2025-01-27 16:44:38,852 [Worker-39: Building] INFO  o.a.m.s.f.DefaultMavenResourcesFiltering - skip non existing resourceDirectory E:\SDET Codes Ecllipse\Flipkart\src\main\resources
2025-01-27 16:44:38,853 [Worker-39: Building] INFO  o.a.m.s.f.DefaultMavenResourcesFiltering - skip non existing resourceDirectory E:\SDET Codes Ecllipse\Flipkart\src\test\resources
2025-01-27 16:49:08,997 [Worker-42: Building] INFO  o.a.m.s.f.DefaultMavenResourcesFiltering - skip non existing resourceDirectory E:\SDET Codes Ecllipse\Flipkart\src\main\resources
2025-01-27 16:49:08,999 [Worker-42: Building] INFO  o.a.m.s.f.DefaultMavenResourcesFiltering - skip non existing resourceDirectory E:\SDET Codes Ecllipse\Flipkart\src\test\resources
2025-01-27 16:49:17,793 [Worker-38: Building] INFO  o.a.m.s.f.DefaultMavenResourcesFiltering - skip non existing resourceDirectory E:\SDET Codes Ecllipse\Flipkart\src\main\resources
2025-01-27 16:49:17,794 [Worker-38: Building] INFO  o.a.m.s.f.DefaultMavenResourcesFiltering - skip non existing resourceDirectory E:\SDET Codes Ecllipse\Flipkart\src\test\resources
2025-01-27 16:49:42,495 [Worker-37: Building] INFO  o.a.m.s.f.DefaultMavenResourcesFiltering - skip non existing resourceDirectory E:\SDET Codes Ecllipse\Flipkart\src\main\resources
2025-01-27 16:49:42,496 [Worker-37: Building] INFO  o.a.m.s.f.DefaultMavenResourcesFiltering - skip non existing resourceDirectory E:\SDET Codes Ecllipse\Flipkart\src\test\resources
2025-01-27 16:50:05,925 [Worker-43: Building] INFO  o.a.m.s.f.DefaultMavenResourcesFiltering - skip non existing resourceDirectory E:\SDET Codes Ecllipse\Flipkart\src\main\resources
2025-01-27 16:50:05,926 [Worker-43: Building] INFO  o.a.m.s.f.DefaultMavenResourcesFiltering - skip non existing resourceDirectory E:\SDET Codes Ecllipse\Flipkart\src\test\resources
2025-01-27 16:50:19,923 [Worker-43: Building] INFO  o.a.m.s.f.DefaultMavenResourcesFiltering - skip non existing resourceDirectory E:\SDET Codes Ecllipse\Flipkart\src\main\resources
2025-01-27 16:50:19,924 [Worker-43: Building] INFO  o.a.m.s.f.DefaultMavenResourcesFiltering - skip non existing resourceDirectory E:\SDET Codes Ecllipse\Flipkart\src\test\resources
2025-01-27 16:50:23,820 [Worker-37: Building] INFO  o.a.m.s.f.DefaultMavenResourcesFiltering - skip non existing resourceDirectory E:\SDET Codes Ecllipse\Flipkart\src\main\resources
2025-01-27 16:50:23,822 [Worker-37: Building] INFO  o.a.m.s.f.DefaultMavenResourcesFiltering - skip non existing resourceDirectory E:\SDET Codes Ecllipse\Flipkart\src\test\resources
2025-01-27 16:51:21,729 [Worker-37: Building] INFO  o.a.m.s.f.DefaultMavenResourcesFiltering - skip non existing resourceDirectory E:\SDET Codes Ecllipse\Flipkart\src\main\resources
2025-01-27 16:51:21,731 [Worker-37: Building] INFO  o.a.m.s.f.DefaultMavenResourcesFiltering - skip non existing resourceDirectory E:\SDET Codes Ecllipse\Flipkart\src\test\resources
2025-01-27 16:51:28,536 [Worker-42: Building] INFO  o.a.m.s.f.DefaultMavenResourcesFiltering - skip non existing resourceDirectory E:\SDET Codes Ecllipse\Flipkart\src\main\resources
2025-01-27 16:51:28,537 [Worker-42: Building] INFO  o.a.m.s.f.DefaultMavenResourcesFiltering - skip non existing resourceDirectory E:\SDET Codes Ecllipse\Flipkart\src\test\resources
2025-01-27 16:51:42,131 [Worker-17: Building] INFO  o.a.m.s.f.DefaultMavenResourcesFiltering - skip non existing resourceDirectory E:\SDET Codes Ecllipse\Flipkart\src\main\resources
2025-01-27 16:51:42,132 [Worker-17: Building] INFO  o.a.m.s.f.DefaultMavenResourcesFiltering - skip non existing resourceDirectory E:\SDET Codes Ecllipse\Flipkart\src\test\resources
2025-01-27 16:56:12,871 [Worker-17: Building] INFO  o.a.m.s.f.DefaultMavenResourcesFiltering - skip non existing resourceDirectory E:\SDET Codes Ecllipse\Flipkart\src\main\resources
2025-01-27 16:56:12,872 [Worker-17: Building] INFO  o.a.m.s.f.DefaultMavenResourcesFiltering - skip non existing resourceDirectory E:\SDET Codes Ecllipse\Flipkart\src\test\resources
2025-01-27 17:00:23,990 [Worker-43: Building] INFO  o.a.m.s.f.DefaultMavenResourcesFiltering - skip non existing resourceDirectory E:\SDET Codes Ecllipse\Flipkart\src\main\resources
2025-01-27 17:00:23,993 [Worker-43: Building] INFO  o.a.m.s.f.DefaultMavenResourcesFiltering - skip non existing resourceDirectory E:\SDET Codes Ecllipse\Flipkart\src\test\resources
2025-01-27 17:00:33,171 [Worker-37: Building] INFO  o.a.m.s.f.DefaultMavenResourcesFiltering - skip non existing resourceDirectory E:\SDET Codes Ecllipse\Flipkart\src\main\resources
2025-01-27 17:00:33,174 [Worker-37: Building] INFO  o.a.m.s.f.DefaultMavenResourcesFiltering - skip non existing resourceDirectory E:\SDET Codes Ecllipse\Flipkart\src\test\resources
2025-01-27 17:00:41,855 [Worker-17: Building] INFO  o.a.m.s.f.DefaultMavenResourcesFiltering - skip non existing resourceDirectory E:\SDET Codes Ecllipse\Flipkart\src\main\resources
2025-01-27 17:00:41,856 [Worker-17: Building] INFO  o.a.m.s.f.DefaultMavenResourcesFiltering - skip non existing resourceDirectory E:\SDET Codes Ecllipse\Flipkart\src\test\resources
2025-01-27 17:01:34,275 [Worker-43: Building] INFO  o.a.m.s.f.DefaultMavenResourcesFiltering - skip non existing resourceDirectory E:\SDET Codes Ecllipse\Flipkart\src\main\resources
2025-01-27 17:01:34,277 [Worker-43: Building] INFO  o.a.m.s.f.DefaultMavenResourcesFiltering - skip non existing resourceDirectory E:\SDET Codes Ecllipse\Flipkart\src\test\resources
2025-01-27 17:01:43,631 [Worker-17: Building] INFO  o.a.m.s.f.DefaultMavenResourcesFiltering - skip non existing resourceDirectory E:\SDET Codes Ecllipse\Flipkart\src\main\resources
2025-01-27 17:01:43,636 [Worker-17: Building] INFO  o.a.m.s.f.DefaultMavenResourcesFiltering - skip non existing resourceDirectory E:\SDET Codes Ecllipse\Flipkart\src\test\resources
2025-01-27 17:02:13,946 [Worker-37: Building] INFO  o.a.m.s.f.DefaultMavenResourcesFiltering - skip non existing resourceDirectory E:\SDET Codes Ecllipse\Flipkart\src\main\resources
2025-01-27 17:02:13,948 [Worker-37: Building] INFO  o.a.m.s.f.DefaultMavenResourcesFiltering - skip non existing resourceDirectory E:\SDET Codes Ecllipse\Flipkart\src\test\resources
2025-01-27 17:02:56,647 [Worker-17: Building] INFO  o.a.m.s.f.DefaultMavenResourcesFiltering - skip non existing resourceDirectory E:\SDET Codes Ecllipse\Flipkart\src\main\resources
2025-01-27 17:02:56,648 [Worker-17: Building] INFO  o.a.m.s.f.DefaultMavenResourcesFiltering - skip non existing resourceDirectory E:\SDET Codes Ecllipse\Flipkart\src\test\resources
2025-01-27 17:03:07,030 [Worker-17: Building] INFO  o.a.m.s.f.DefaultMavenResourcesFiltering - skip non existing resourceDirectory E:\SDET Codes Ecllipse\Flipkart\src\main\resources
2025-01-27 17:03:07,031 [Worker-17: Building] INFO  o.a.m.s.f.DefaultMavenResourcesFiltering - skip non existing resourceDirectory E:\SDET Codes Ecllipse\Flipkart\src\test\resources
2025-01-27 17:03:14,215 [Worker-43: Building] INFO  o.a.m.s.f.DefaultMavenResourcesFiltering - skip non existing resourceDirectory E:\SDET Codes Ecllipse\Flipkart\src\main\resources
2025-01-27 17:03:14,217 [Worker-43: Building] INFO  o.a.m.s.f.DefaultMavenResourcesFiltering - skip non existing resourceDirectory E:\SDET Codes Ecllipse\Flipkart\src\test\resources
2025-01-27 17:03:28,315 [Worker-37: Building] INFO  o.a.m.s.f.DefaultMavenResourcesFiltering - skip non existing resourceDirectory E:\SDET Codes Ecllipse\Flipkart\src\main\resources
2025-01-27 17:03:28,316 [Worker-37: Building] INFO  o.a.m.s.f.DefaultMavenResourcesFiltering - skip non existing resourceDirectory E:\SDET Codes Ecllipse\Flipkart\src\test\resources
2025-01-27 17:03:39,606 [Worker-17: Building] INFO  o.a.m.s.f.DefaultMavenResourcesFiltering - skip non existing resourceDirectory E:\SDET Codes Ecllipse\Flipkart\src\main\resources
2025-01-27 17:03:39,607 [Worker-17: Building] INFO  o.a.m.s.f.DefaultMavenResourcesFiltering - skip non existing resourceDirectory E:\SDET Codes Ecllipse\Flipkart\src\test\resources
2025-01-27 17:04:53,417 [Worker-17: Building] INFO  o.a.m.s.f.DefaultMavenResourcesFiltering - skip non existing resourceDirectory E:\SDET Codes Ecllipse\Flipkart\src\main\resources
2025-01-27 17:04:53,418 [Worker-17: Building] INFO  o.a.m.s.f.DefaultMavenResourcesFiltering - skip non existing resourceDirectory E:\SDET Codes Ecllipse\Flipkart\src\test\resources
2025-01-27 17:04:58,781 [Worker-38: Building] INFO  o.a.m.s.f.DefaultMavenResourcesFiltering - skip non existing resourceDirectory E:\SDET Codes Ecllipse\Flipkart\src\main\resources
2025-01-27 17:04:58,782 [Worker-38: Building] INFO  o.a.m.s.f.DefaultMavenResourcesFiltering - skip non existing resourceDirectory E:\SDET Codes Ecllipse\Flipkart\src\test\resources
2025-01-27 17:05:01,250 [Worker-38: Building] INFO  o.a.m.s.f.DefaultMavenResourcesFiltering - skip non existing resourceDirectory E:\SDET Codes Ecllipse\Flipkart\src\main\resources
2025-01-27 17:05:01,251 [Worker-38: Building] INFO  o.a.m.s.f.DefaultMavenResourcesFiltering - skip non existing resourceDirectory E:\SDET Codes Ecllipse\Flipkart\src\test\resources
2025-01-27 17:05:37,934 [Worker-38: Building] INFO  o.a.m.s.f.DefaultMavenResourcesFiltering - skip non existing resourceDirectory E:\SDET Codes Ecllipse\Flipkart\src\main\resources
2025-01-27 17:05:37,935 [Worker-38: Building] INFO  o.a.m.s.f.DefaultMavenResourcesFiltering - skip non existing resourceDirectory E:\SDET Codes Ecllipse\Flipkart\src\test\resources
2025-01-27 17:09:09,804 [Worker-38: Building] INFO  o.e.m.c.i.l.LifecycleMappingFactory - Using org.eclipse.m2e.jdt.JarLifecycleMapping lifecycle mapping for MavenProject: TestNG:Aman:0.0.1-SNAPSHOT @ C:\Users\akthe\Downloads\SDET Codes Ecllipse\Aman\pom.xml.
2025-01-27 17:09:10,458 [Worker-38: Building] INFO  o.e.m.c.i.e.AbstractTransferListenerAdapter - Downloading https://repo.maven.apache.org/maven2/io/cucumber/messages/maven-metadata.xml
2025-01-27 17:09:10,471 [Worker-38: Building] INFO  o.e.m.c.i.e.AbstractTransferListenerAdapter - Downloaded https://repo.maven.apache.org/maven2/io/cucumber/messages/maven-metadata.xml
2025-01-27 17:09:10,582 [Worker-38: Building] INFO  o.e.m.c.i.e.AbstractTransferListenerAdapter - Downloading https://repo.maven.apache.org/maven2/io/cucumber/query/maven-metadata.xml
2025-01-27 17:09:10,586 [Worker-38: Building] INFO  o.e.m.c.i.e.AbstractTransferListenerAdapter - Downloaded https://repo.maven.apache.org/maven2/io/cucumber/query/maven-metadata.xml
2025-01-27 17:09:10,824 [Worker-38: Building] WARN  o.e.m.c.i.embedder.EclipseLogger - The artifact mysql:mysql-connector-java:jar:8.0.33 has been relocated to com.mysql:mysql-connector-j:jar:8.0.33: MySQL Connector/J artifacts moved to reverse-DNS compliant Maven 2+ coordinates.
2025-01-27 17:09:11,332 [Worker-38: Building] INFO  o.a.m.s.f.DefaultMavenResourcesFiltering - skip non existing resourceDirectory C:\Users\akthe\Downloads\SDET Codes Ecllipse\Aman\src\main\resources
2025-01-27 17:09:11,336 [Worker-38: Building] INFO  o.a.m.s.f.DefaultMavenResourcesFiltering - skip non existing resourceDirectory C:\Users\akthe\Downloads\SDET Codes Ecllipse\Aman\src\test\resources
2025-01-27 17:09:12,044 [Worker-37: Building] INFO  o.a.m.s.f.DefaultMavenResourcesFiltering - skip non existing resourceDirectory C:\Users\akthe\Downloads\SDET Codes Ecllipse\Aman\src\main\resources
2025-01-27 17:09:12,047 [Worker-37: Building] INFO  o.a.m.s.f.DefaultMavenResourcesFiltering - skip non existing resourceDirectory C:\Users\akthe\Downloads\SDET Codes Ecllipse\Aman\src\test\resources
2025-01-27 17:10:44,536 [Worker-46: Building] INFO  o.a.m.s.f.DefaultMavenResourcesFiltering - skip non existing resourceDirectory E:\SDET Codes Ecllipse\Flipkart\src\main\resources
2025-01-27 17:10:44,537 [Worker-46: Building] INFO  o.a.m.s.f.DefaultMavenResourcesFiltering - skip non existing resourceDirectory E:\SDET Codes Ecllipse\Flipkart\src\test\resources
2025-01-27 17:11:29,400 [Worker-46: Building] INFO  o.a.m.s.f.DefaultMavenResourcesFiltering - skip non existing resourceDirectory E:\SDET Codes Ecllipse\Flipkart\src\main\resources
2025-01-27 17:11:29,401 [Worker-46: Building] INFO  o.a.m.s.f.DefaultMavenResourcesFiltering - skip non existing resourceDirectory E:\SDET Codes Ecllipse\Flipkart\src\test\resources
2025-01-27 17:11:33,880 [Worker-45: Building] INFO  o.a.m.s.f.DefaultMavenResourcesFiltering - skip non existing resourceDirectory E:\SDET Codes Ecllipse\Flipkart\src\main\resources
2025-01-27 17:11:33,881 [Worker-45: Building] INFO  o.a.m.s.f.DefaultMavenResourcesFiltering - skip non existing resourceDirectory E:\SDET Codes Ecllipse\Flipkart\src\test\resources
2025-01-27 17:13:28,772 [Worker-44: Building] INFO  o.a.m.s.f.DefaultMavenResourcesFiltering - skip non existing resourceDirectory E:\SDET Codes Ecllipse\Flipkart\src\main\resources
2025-01-27 17:13:28,774 [Worker-44: Building] INFO  o.a.m.s.f.DefaultMavenResourcesFiltering - skip non existing resourceDirectory E:\SDET Codes Ecllipse\Flipkart\src\test\resources
2025-01-27 17:14:17,243 [Worker-37: Building] INFO  o.a.m.s.f.DefaultMavenResourcesFiltering - skip non existing resourceDirectory E:\SDET Codes Ecllipse\Flipkart\src\main\resources
2025-01-27 17:14:17,243 [Worker-37: Building] INFO  o.a.m.s.f.DefaultMavenResourcesFiltering - skip non existing resourceDirectory E:\SDET Codes Ecllipse\Flipkart\src\test\resources
2025-01-27 17:14:43,765 [Worker-43: Building] INFO  o.a.m.s.f.DefaultMavenResourcesFiltering - skip non existing resourceDirectory E:\SDET Codes Ecllipse\Flipkart\src\main\resources
2025-01-27 17:14:43,766 [Worker-43: Building] INFO  o.a.m.s.f.DefaultMavenResourcesFiltering - skip non existing resourceDirectory E:\SDET Codes Ecllipse\Flipkart\src\test\resources
2025-01-27 17:15:16,995 [Worker-46: Building] INFO  o.a.m.s.f.DefaultMavenResourcesFiltering - skip non existing resourceDirectory E:\SDET Codes Ecllipse\Flipkart\src\main\resources
2025-01-27 17:15:16,996 [Worker-46: Building] INFO  o.a.m.s.f.DefaultMavenResourcesFiltering - skip non existing resourceDirectory E:\SDET Codes Ecllipse\Flipkart\src\test\resources
2025-01-27 17:15:27,044 [Worker-46: Building] INFO  o.a.m.s.f.DefaultMavenResourcesFiltering - skip non existing resourceDirectory E:\SDET Codes Ecllipse\Flipkart\src\main\resources
2025-01-27 17:15:27,045 [Worker-46: Building] INFO  o.a.m.s.f.DefaultMavenResourcesFiltering - skip non existing resourceDirectory E:\SDET Codes Ecllipse\Flipkart\src\test\resources
2025-01-27 17:15:35,717 [Worker-37: Building] INFO  o.a.m.s.f.DefaultMavenResourcesFiltering - skip non existing resourceDirectory E:\SDET Codes Ecllipse\Flipkart\src\main\resources
2025-01-27 17:15:35,718 [Worker-37: Building] INFO  o.a.m.s.f.DefaultMavenResourcesFiltering - skip non existing resourceDirectory E:\SDET Codes Ecllipse\Flipkart\src\test\resources
2025-01-27 17:15:51,631 [Worker-45: Building] INFO  o.a.m.s.f.DefaultMavenResourcesFiltering - skip non existing resourceDirectory E:\SDET Codes Ecllipse\Flipkart\src\main\resources
2025-01-27 17:15:51,633 [Worker-45: Building] INFO  o.a.m.s.f.DefaultMavenResourcesFiltering - skip non existing resourceDirectory E:\SDET Codes Ecllipse\Flipkart\src\test\resources
2025-01-27 17:15:59,816 [Worker-44: Building] INFO  o.a.m.s.f.DefaultMavenResourcesFiltering - skip non existing resourceDirectory E:\SDET Codes Ecllipse\Flipkart\src\main\resources
2025-01-27 17:15:59,817 [Worker-44: Building] INFO  o.a.m.s.f.DefaultMavenResourcesFiltering - skip non existing resourceDirectory E:\SDET Codes Ecllipse\Flipkart\src\test\resources
2025-01-27 17:16:08,955 [Worker-37: Building] INFO  o.a.m.s.f.DefaultMavenResourcesFiltering - skip non existing resourceDirectory E:\SDET Codes Ecllipse\Flipkart\src\main\resources
2025-01-27 17:16:08,956 [Worker-37: Building] INFO  o.a.m.s.f.DefaultMavenResourcesFiltering - skip non existing resourceDirectory E:\SDET Codes Ecllipse\Flipkart\src\test\resources
2025-01-27 17:16:14,850 [Worker-43: Building] INFO  o.a.m.s.f.DefaultMavenResourcesFiltering - skip non existing resourceDirectory E:\SDET Codes Ecllipse\Flipkart\src\main\resources
2025-01-27 17:16:14,852 [Worker-43: Building] INFO  o.a.m.s.f.DefaultMavenResourcesFiltering - skip non existing resourceDirectory E:\SDET Codes Ecllipse\Flipkart\src\test\resources
2025-01-27 17:16:50,599 [Worker-45: Building] INFO  o.a.m.s.f.DefaultMavenResourcesFiltering - skip non existing resourceDirectory E:\SDET Codes Ecllipse\Flipkart\src\main\resources
2025-01-27 17:16:50,601 [Worker-45: Building] INFO  o.a.m.s.f.DefaultMavenResourcesFiltering - skip non existing resourceDirectory E:\SDET Codes Ecllipse\Flipkart\src\test\resources
2025-01-27 17:16:59,448 [Worker-43: Building] INFO  o.a.m.s.f.DefaultMavenResourcesFiltering - skip non existing resourceDirectory E:\SDET Codes Ecllipse\Flipkart\src\main\resources
2025-01-27 17:16:59,448 [Worker-43: Building] INFO  o.a.m.s.f.DefaultMavenResourcesFiltering - skip non existing resourceDirectory E:\SDET Codes Ecllipse\Flipkart\src\test\resources
2025-01-27 17:18:02,989 [Worker-44: Building] INFO  o.a.m.s.f.DefaultMavenResourcesFiltering - skip non existing resourceDirectory E:\SDET Codes Ecllipse\Flipkart\src\main\resources
2025-01-27 17:18:02,990 [Worker-44: Building] INFO  o.a.m.s.f.DefaultMavenResourcesFiltering - skip non existing resourceDirectory E:\SDET Codes Ecllipse\Flipkart\src\test\resources
2025-01-27 17:18:08,366 [Worker-46: Building] INFO  o.a.m.s.f.DefaultMavenResourcesFiltering - skip non existing resourceDirectory E:\SDET Codes Ecllipse\Flipkart\src\main\resources
2025-01-27 17:18:08,367 [Worker-46: Building] INFO  o.a.m.s.f.DefaultMavenResourcesFiltering - skip non existing resourceDirectory E:\SDET Codes Ecllipse\Flipkart\src\test\resources
2025-01-27 17:18:37,578 [Worker-44: Building] INFO  o.a.m.s.f.DefaultMavenResourcesFiltering - skip non existing resourceDirectory E:\SDET Codes Ecllipse\Flipkart\src\main\resources
2025-01-27 17:18:37,578 [Worker-44: Building] INFO  o.a.m.s.f.DefaultMavenResourcesFiltering - skip non existing resourceDirectory E:\SDET Codes Ecllipse\Flipkart\src\test\resources
2025-01-27 17:22:05,298 [Worker-47: Building] INFO  o.a.m.s.f.DefaultMavenResourcesFiltering - skip non existing resourceDirectory E:\SDET Codes Ecllipse\Flipkart\src\main\resources
2025-01-27 17:22:05,299 [Worker-47: Building] INFO  o.a.m.s.f.DefaultMavenResourcesFiltering - skip non existing resourceDirectory E:\SDET Codes Ecllipse\Flipkart\src\test\resources
2025-01-27 17:22:27,556 [Worker-43: Building] INFO  o.a.m.s.f.DefaultMavenResourcesFiltering - skip non existing resourceDirectory E:\SDET Codes Ecllipse\Flipkart\src\main\resources
2025-01-27 17:22:27,558 [Worker-43: Building] INFO  o.a.m.s.f.DefaultMavenResourcesFiltering - skip non existing resourceDirectory E:\SDET Codes Ecllipse\Flipkart\src\test\resources
2025-01-27 17:22:35,073 [Worker-46: Building] INFO  o.a.m.s.f.DefaultMavenResourcesFiltering - skip non existing resourceDirectory E:\SDET Codes Ecllipse\Flipkart\src\main\resources
2025-01-27 17:22:35,074 [Worker-46: Building] INFO  o.a.m.s.f.DefaultMavenResourcesFiltering - skip non existing resourceDirectory E:\SDET Codes Ecllipse\Flipkart\src\test\resources
2025-01-27 17:23:14,323 [Worker-47: Building] INFO  o.a.m.s.f.DefaultMavenResourcesFiltering - skip non existing resourceDirectory E:\SDET Codes Ecllipse\Flipkart\src\main\resources
2025-01-27 17:23:14,324 [Worker-47: Building] INFO  o.a.m.s.f.DefaultMavenResourcesFiltering - skip non existing resourceDirectory E:\SDET Codes Ecllipse\Flipkart\src\test\resources
2025-01-27 17:23:17,726 [Worker-44: Building] INFO  o.a.m.s.f.DefaultMavenResourcesFiltering - skip non existing resourceDirectory E:\SDET Codes Ecllipse\Flipkart\src\main\resources
2025-01-27 17:23:17,727 [Worker-44: Building] INFO  o.a.m.s.f.DefaultMavenResourcesFiltering - skip non existing resourceDirectory E:\SDET Codes Ecllipse\Flipkart\src\test\resources
2025-01-27 17:24:14,673 [Worker-43: Building] INFO  o.a.m.s.f.DefaultMavenResourcesFiltering - skip non existing resourceDirectory E:\SDET Codes Ecllipse\Flipkart\src\main\resources
2025-01-27 17:24:14,674 [Worker-43: Building] INFO  o.a.m.s.f.DefaultMavenResourcesFiltering - skip non existing resourceDirectory E:\SDET Codes Ecllipse\Flipkart\src\test\resources
2025-01-27 17:24:27,754 [Worker-43: Building] INFO  o.a.m.s.f.DefaultMavenResourcesFiltering - skip non existing resourceDirectory E:\SDET Codes Ecllipse\Flipkart\src\main\resources
2025-01-27 17:24:27,754 [Worker-43: Building] INFO  o.a.m.s.f.DefaultMavenResourcesFiltering - skip non existing resourceDirectory E:\SDET Codes Ecllipse\Flipkart\src\test\resources
2025-01-27 17:26:00,745 [Worker-47: Building] INFO  o.a.m.s.f.DefaultMavenResourcesFiltering - skip non existing resourceDirectory E:\SDET Codes Ecllipse\Flipkart\src\main\resources
2025-01-27 17:26:00,747 [Worker-47: Building] INFO  o.a.m.s.f.DefaultMavenResourcesFiltering - skip non existing resourceDirectory E:\SDET Codes Ecllipse\Flipkart\src\test\resources
2025-01-27 17:26:14,616 [Worker-44: Building] INFO  o.a.m.s.f.DefaultMavenResourcesFiltering - skip non existing resourceDirectory E:\SDET Codes Ecllipse\Flipkart\src\main\resources
2025-01-27 17:26:14,616 [Worker-44: Building] INFO  o.a.m.s.f.DefaultMavenResourcesFiltering - skip non existing resourceDirectory E:\SDET Codes Ecllipse\Flipkart\src\test\resources
2025-01-27 17:26:21,755 [Worker-47: Building] INFO  o.a.m.s.f.DefaultMavenResourcesFiltering - skip non existing resourceDirectory E:\SDET Codes Ecllipse\Flipkart\src\main\resources
2025-01-27 17:26:21,756 [Worker-47: Building] INFO  o.a.m.s.f.DefaultMavenResourcesFiltering - skip non existing resourceDirectory E:\SDET Codes Ecllipse\Flipkart\src\test\resources
2025-01-27 17:26:31,655 [Worker-43: Building] INFO  o.a.m.s.f.DefaultMavenResourcesFiltering - skip non existing resourceDirectory E:\SDET Codes Ecllipse\Flipkart\src\main\resources
2025-01-27 17:26:31,655 [Worker-43: Building] INFO  o.a.m.s.f.DefaultMavenResourcesFiltering - skip non existing resourceDirectory E:\SDET Codes Ecllipse\Flipkart\src\test\resources
2025-01-27 17:26:36,088 [Worker-44: Building] INFO  o.a.m.s.f.DefaultMavenResourcesFiltering - skip non existing resourceDirectory E:\SDET Codes Ecllipse\Flipkart\src\main\resources
2025-01-27 17:26:36,090 [Worker-44: Building] INFO  o.a.m.s.f.DefaultMavenResourcesFiltering - skip non existing resourceDirectory E:\SDET Codes Ecllipse\Flipkart\src\test\resources
2025-01-27 17:27:12,650 [Worker-43: Building] INFO  o.a.m.s.f.DefaultMavenResourcesFiltering - skip non existing resourceDirectory E:\SDET Codes Ecllipse\Flipkart\src\main\resources
2025-01-27 17:27:12,651 [Worker-43: Building] INFO  o.a.m.s.f.DefaultMavenResourcesFiltering - skip non existing resourceDirectory E:\SDET Codes Ecllipse\Flipkart\src\test\resources
2025-01-27 17:27:26,429 [Worker-43: Building] INFO  o.a.m.s.f.DefaultMavenResourcesFiltering - skip non existing resourceDirectory E:\SDET Codes Ecllipse\Flipkart\src\main\resources
2025-01-27 17:27:26,430 [Worker-43: Building] INFO  o.a.m.s.f.DefaultMavenResourcesFiltering - skip non existing resourceDirectory E:\SDET Codes Ecllipse\Flipkart\src\test\resources
2025-01-27 17:27:53,988 [Worker-46: Building] INFO  o.a.m.s.f.DefaultMavenResourcesFiltering - skip non existing resourceDirectory E:\SDET Codes Ecllipse\Flipkart\src\main\resources
2025-01-27 17:27:53,989 [Worker-46: Building] INFO  o.a.m.s.f.DefaultMavenResourcesFiltering - skip non existing resourceDirectory E:\SDET Codes Ecllipse\Flipkart\src\test\resources
2025-01-27 17:27:56,782 [Worker-43: Building] INFO  o.a.m.s.f.DefaultMavenResourcesFiltering - skip non existing resourceDirectory E:\SDET Codes Ecllipse\Flipkart\src\main\resources
2025-01-27 17:27:56,783 [Worker-43: Building] INFO  o.a.m.s.f.DefaultMavenResourcesFiltering - skip non existing resourceDirectory E:\SDET Codes Ecllipse\Flipkart\src\test\resources
2025-01-27 17:28:10,122 [Worker-43: Building] INFO  o.a.m.s.f.DefaultMavenResourcesFiltering - skip non existing resourceDirectory E:\SDET Codes Ecllipse\Flipkart\src\main\resources
2025-01-27 17:28:10,123 [Worker-43: Building] INFO  o.a.m.s.f.DefaultMavenResourcesFiltering - skip non existing resourceDirectory E:\SDET Codes Ecllipse\Flipkart\src\test\resources
2025-01-27 17:28:35,916 [Worker-44: Building] INFO  o.a.m.s.f.DefaultMavenResourcesFiltering - skip non existing resourceDirectory E:\SDET Codes Ecllipse\Flipkart\src\main\resources
2025-01-27 17:28:35,917 [Worker-44: Building] INFO  o.a.m.s.f.DefaultMavenResourcesFiltering - skip non existing resourceDirectory E:\SDET Codes Ecllipse\Flipkart\src\test\resources
2025-01-27 17:29:24,345 [Worker-37: Building] INFO  o.a.m.s.f.DefaultMavenResourcesFiltering - skip non existing resourceDirectory E:\SDET Codes Ecllipse\Flipkart\src\main\resources
2025-01-27 17:29:24,346 [Worker-37: Building] INFO  o.a.m.s.f.DefaultMavenResourcesFiltering - skip non existing resourceDirectory E:\SDET Codes Ecllipse\Flipkart\src\test\resources
2025-01-27 17:29:36,160 [Worker-44: Building] INFO  o.a.m.s.f.DefaultMavenResourcesFiltering - skip non existing resourceDirectory E:\SDET Codes Ecllipse\Flipkart\src\main\resources
2025-01-27 17:29:36,161 [Worker-44: Building] INFO  o.a.m.s.f.DefaultMavenResourcesFiltering - skip non existing resourceDirectory E:\SDET Codes Ecllipse\Flipkart\src\test\resources
2025-01-27 17:30:18,559 [Worker-46: Building] INFO  o.a.m.s.f.DefaultMavenResourcesFiltering - skip non existing resourceDirectory E:\SDET Codes Ecllipse\Flipkart\src\main\resources
2025-01-27 17:30:18,560 [Worker-46: Building] INFO  o.a.m.s.f.DefaultMavenResourcesFiltering - skip non existing resourceDirectory E:\SDET Codes Ecllipse\Flipkart\src\test\resources
2025-01-27 17:30:30,522 [Worker-46: Building] INFO  o.a.m.s.f.DefaultMavenResourcesFiltering - skip non existing resourceDirectory E:\SDET Codes Ecllipse\Flipkart\src\main\resources
2025-01-27 17:30:30,523 [Worker-46: Building] INFO  o.a.m.s.f.DefaultMavenResourcesFiltering - skip non existing resourceDirectory E:\SDET Codes Ecllipse\Flipkart\src\test\resources
2025-01-27 17:31:37,455 [Worker-37: Building] INFO  o.a.m.s.f.DefaultMavenResourcesFiltering - skip non existing resourceDirectory E:\SDET Codes Ecllipse\Flipkart\src\main\resources
2025-01-27 17:31:37,456 [Worker-37: Building] INFO  o.a.m.s.f.DefaultMavenResourcesFiltering - skip non existing resourceDirectory E:\SDET Codes Ecllipse\Flipkart\src\test\resources
2025-01-27 17:31:54,214 [Worker-47: Building] INFO  o.a.m.s.f.DefaultMavenResourcesFiltering - skip non existing resourceDirectory E:\SDET Codes Ecllipse\Flipkart\src\main\resources
2025-01-27 17:31:54,216 [Worker-47: Building] INFO  o.a.m.s.f.DefaultMavenResourcesFiltering - skip non existing resourceDirectory E:\SDET Codes Ecllipse\Flipkart\src\test\resources
2025-01-27 17:32:49,872 [Worker-47: Building] INFO  o.a.m.s.f.DefaultMavenResourcesFiltering - skip non existing resourceDirectory E:\SDET Codes Ecllipse\Flipkart\src\main\resources
2025-01-27 17:32:49,872 [Worker-47: Building] INFO  o.a.m.s.f.DefaultMavenResourcesFiltering - skip non existing resourceDirectory E:\SDET Codes Ecllipse\Flipkart\src\test\resources
2025-01-27 17:33:01,040 [Worker-37: Building] INFO  o.a.m.s.f.DefaultMavenResourcesFiltering - skip non existing resourceDirectory E:\SDET Codes Ecllipse\Flipkart\src\main\resources
2025-01-27 17:33:01,041 [Worker-37: Building] INFO  o.a.m.s.f.DefaultMavenResourcesFiltering - skip non existing resourceDirectory E:\SDET Codes Ecllipse\Flipkart\src\test\resources
2025-01-27 17:33:08,576 [Worker-46: Building] INFO  o.a.m.s.f.DefaultMavenResourcesFiltering - skip non existing resourceDirectory E:\SDET Codes Ecllipse\Flipkart\src\main\resources
2025-01-27 17:33:08,577 [Worker-46: Building] INFO  o.a.m.s.f.DefaultMavenResourcesFiltering - skip non existing resourceDirectory E:\SDET Codes Ecllipse\Flipkart\src\test\resources
2025-01-27 17:33:12,549 [Worker-37: Building] INFO  o.a.m.s.f.DefaultMavenResourcesFiltering - skip non existing resourceDirectory E:\SDET Codes Ecllipse\Flipkart\src\main\resources
2025-01-27 17:33:12,550 [Worker-37: Building] INFO  o.a.m.s.f.DefaultMavenResourcesFiltering - skip non existing resourceDirectory E:\SDET Codes Ecllipse\Flipkart\src\test\resources
2025-01-27 17:33:58,508 [Worker-46: Building] INFO  o.a.m.s.f.DefaultMavenResourcesFiltering - skip non existing resourceDirectory E:\SDET Codes Ecllipse\Flipkart\src\main\resources
2025-01-27 17:33:58,510 [Worker-46: Building] INFO  o.a.m.s.f.DefaultMavenResourcesFiltering - skip non existing resourceDirectory E:\SDET Codes Ecllipse\Flipkart\src\test\resources
2025-01-27 17:34:01,077 [Worker-47: Building] INFO  o.a.m.s.f.DefaultMavenResourcesFiltering - skip non existing resourceDirectory E:\SDET Codes Ecllipse\Flipkart\src\main\resources
2025-01-27 17:34:01,078 [Worker-47: Building] INFO  o.a.m.s.f.DefaultMavenResourcesFiltering - skip non existing resourceDirectory E:\SDET Codes Ecllipse\Flipkart\src\test\resources
2025-01-27 17:34:20,155 [Worker-46: Building] INFO  o.a.m.s.f.DefaultMavenResourcesFiltering - skip non existing resourceDirectory E:\SDET Codes Ecllipse\Flipkart\src\main\resources
2025-01-27 17:34:20,156 [Worker-46: Building] INFO  o.a.m.s.f.DefaultMavenResourcesFiltering - skip non existing resourceDirectory E:\SDET Codes Ecllipse\Flipkart\src\test\resources
2025-01-27 17:34:59,322 [Worker-44: Building] INFO  o.a.m.s.f.DefaultMavenResourcesFiltering - skip non existing resourceDirectory E:\SDET Codes Ecllipse\Flipkart\src\main\resources
2025-01-27 17:34:59,323 [Worker-44: Building] INFO  o.a.m.s.f.DefaultMavenResourcesFiltering - skip non existing resourceDirectory E:\SDET Codes Ecllipse\Flipkart\src\test\resources
2025-01-27 17:35:17,048 [Worker-47: Building] INFO  o.a.m.s.f.DefaultMavenResourcesFiltering - skip non existing resourceDirectory E:\SDET Codes Ecllipse\Flipkart\src\main\resources
2025-01-27 17:35:17,049 [Worker-47: Building] INFO  o.a.m.s.f.DefaultMavenResourcesFiltering - skip non existing resourceDirectory E:\SDET Codes Ecllipse\Flipkart\src\test\resources
2025-01-27 17:35:40,880 [Worker-44: Building] INFO  o.a.m.s.f.DefaultMavenResourcesFiltering - skip non existing resourceDirectory E:\SDET Codes Ecllipse\Flipkart\src\main\resources
2025-01-27 17:35:40,881 [Worker-44: Building] INFO  o.a.m.s.f.DefaultMavenResourcesFiltering - skip non existing resourceDirectory E:\SDET Codes Ecllipse\Flipkart\src\test\resources
2025-01-27 17:35:47,100 [Worker-37: Building] INFO  o.a.m.s.f.DefaultMavenResourcesFiltering - skip non existing resourceDirectory E:\SDET Codes Ecllipse\Flipkart\src\main\resources
2025-01-27 17:35:47,101 [Worker-37: Building] INFO  o.a.m.s.f.DefaultMavenResourcesFiltering - skip non existing resourceDirectory E:\SDET Codes Ecllipse\Flipkart\src\test\resources
2025-01-27 17:36:24,924 [Worker-46: Building] INFO  o.a.m.s.f.DefaultMavenResourcesFiltering - skip non existing resourceDirectory E:\SDET Codes Ecllipse\Flipkart\src\main\resources
2025-01-27 17:36:24,925 [Worker-46: Building] INFO  o.a.m.s.f.DefaultMavenResourcesFiltering - skip non existing resourceDirectory E:\SDET Codes Ecllipse\Flipkart\src\test\resources
2025-01-27 17:36:35,519 [Worker-37: Building] INFO  o.a.m.s.f.DefaultMavenResourcesFiltering - skip non existing resourceDirectory E:\SDET Codes Ecllipse\Flipkart\src\main\resources
2025-01-27 17:36:35,519 [Worker-37: Building] INFO  o.a.m.s.f.DefaultMavenResourcesFiltering - skip non existing resourceDirectory E:\SDET Codes Ecllipse\Flipkart\src\test\resources
2025-01-27 17:36:38,769 [Worker-44: Building] INFO  o.a.m.s.f.DefaultMavenResourcesFiltering - skip non existing resourceDirectory E:\SDET Codes Ecllipse\Flipkart\src\main\resources
2025-01-27 17:36:38,770 [Worker-44: Building] INFO  o.a.m.s.f.DefaultMavenResourcesFiltering - skip non existing resourceDirectory E:\SDET Codes Ecllipse\Flipkart\src\test\resources
2025-01-27 17:37:08,660 [Worker-43: Building] INFO  o.a.m.s.f.DefaultMavenResourcesFiltering - skip non existing resourceDirectory E:\SDET Codes Ecllipse\Flipkart\src\main\resources
2025-01-27 17:37:08,661 [Worker-43: Building] INFO  o.a.m.s.f.DefaultMavenResourcesFiltering - skip non existing resourceDirectory E:\SDET Codes Ecllipse\Flipkart\src\test\resources
2025-01-27 17:37:15,350 [Worker-43: Building] INFO  o.a.m.s.f.DefaultMavenResourcesFiltering - skip non existing resourceDirectory E:\SDET Codes Ecllipse\Flipkart\src\main\resources
2025-01-27 17:37:15,351 [Worker-43: Building] INFO  o.a.m.s.f.DefaultMavenResourcesFiltering - skip non existing resourceDirectory E:\SDET Codes Ecllipse\Flipkart\src\test\resources
2025-01-27 17:37:31,864 [Worker-37: Building] INFO  o.a.m.s.f.DefaultMavenResourcesFiltering - skip non existing resourceDirectory E:\SDET Codes Ecllipse\Flipkart\src\main\resources
2025-01-27 17:37:31,865 [Worker-37: Building] INFO  o.a.m.s.f.DefaultMavenResourcesFiltering - skip non existing resourceDirectory E:\SDET Codes Ecllipse\Flipkart\src\test\resources
2025-01-27 17:37:42,187 [Worker-44: Building] INFO  o.a.m.s.f.DefaultMavenResourcesFiltering - skip non existing resourceDirectory E:\SDET Codes Ecllipse\Flipkart\src\main\resources
2025-01-27 17:37:42,188 [Worker-44: Building] INFO  o.a.m.s.f.DefaultMavenResourcesFiltering - skip non existing resourceDirectory E:\SDET Codes Ecllipse\Flipkart\src\test\resources
2025-01-27 17:38:16,511 [Worker-37: Building] INFO  o.a.m.s.f.DefaultMavenResourcesFiltering - skip non existing resourceDirectory E:\SDET Codes Ecllipse\Flipkart\src\main\resources
2025-01-27 17:38:16,512 [Worker-37: Building] INFO  o.a.m.s.f.DefaultMavenResourcesFiltering - skip non existing resourceDirectory E:\SDET Codes Ecllipse\Flipkart\src\test\resources
2025-01-27 17:38:53,443 [Worker-37: Building] INFO  o.a.m.s.f.DefaultMavenResourcesFiltering - skip non existing resourceDirectory E:\SDET Codes Ecllipse\Flipkart\src\main\resources
2025-01-27 17:38:53,444 [Worker-37: Building] INFO  o.a.m.s.f.DefaultMavenResourcesFiltering - skip non existing resourceDirectory E:\SDET Codes Ecllipse\Flipkart\src\test\resources
2025-01-27 17:39:02,689 [Worker-37: Building] INFO  o.a.m.s.f.DefaultMavenResourcesFiltering - skip non existing resourceDirectory E:\SDET Codes Ecllipse\Flipkart\src\main\resources
2025-01-27 17:39:02,689 [Worker-37: Building] INFO  o.a.m.s.f.DefaultMavenResourcesFiltering - skip non existing resourceDirectory E:\SDET Codes Ecllipse\Flipkart\src\test\resources
2025-01-27 17:39:22,955 [Worker-46: Building] INFO  o.a.m.s.f.DefaultMavenResourcesFiltering - skip non existing resourceDirectory E:\SDET Codes Ecllipse\Flipkart\src\main\resources
2025-01-27 17:39:22,956 [Worker-46: Building] INFO  o.a.m.s.f.DefaultMavenResourcesFiltering - skip non existing resourceDirectory E:\SDET Codes Ecllipse\Flipkart\src\test\resources
2025-01-27 17:41:31,714 [Worker-46: Building] INFO  o.a.m.s.f.DefaultMavenResourcesFiltering - skip non existing resourceDirectory E:\SDET Codes Ecllipse\Flipkart\src\main\resources
2025-01-27 17:41:31,715 [Worker-46: Building] INFO  o.a.m.s.f.DefaultMavenResourcesFiltering - skip non existing resourceDirectory E:\SDET Codes Ecllipse\Flipkart\src\test\resources
2025-01-27 17:41:35,773 [Worker-44: Building] INFO  o.a.m.s.f.DefaultMavenResourcesFiltering - skip non existing resourceDirectory E:\SDET Codes Ecllipse\Flipkart\src\main\resources
2025-01-27 17:41:35,774 [Worker-44: Building] INFO  o.a.m.s.f.DefaultMavenResourcesFiltering - skip non existing resourceDirectory E:\SDET Codes Ecllipse\Flipkart\src\test\resources
2025-01-27 17:42:07,467 [Worker-46: Building] INFO  o.a.m.s.f.DefaultMavenResourcesFiltering - skip non existing resourceDirectory E:\SDET Codes Ecllipse\Flipkart\src\main\resources
2025-01-27 17:42:07,468 [Worker-46: Building] INFO  o.a.m.s.f.DefaultMavenResourcesFiltering - skip non existing resourceDirectory E:\SDET Codes Ecllipse\Flipkart\src\test\resources
2025-01-27 17:43:15,553 [Worker-46: Building] INFO  o.a.m.s.f.DefaultMavenResourcesFiltering - skip non existing resourceDirectory E:\SDET Codes Ecllipse\Flipkart\src\main\resources
2025-01-27 17:43:15,554 [Worker-46: Building] INFO  o.a.m.s.f.DefaultMavenResourcesFiltering - skip non existing resourceDirectory E:\SDET Codes Ecllipse\Flipkart\src\test\resources
2025-01-27 17:46:20,551 [Worker-44: Building] INFO  o.a.m.s.f.DefaultMavenResourcesFiltering - skip non existing resourceDirectory E:\SDET Codes Ecllipse\Flipkart\src\main\resources
2025-01-27 17:46:20,552 [Worker-44: Building] INFO  o.a.m.s.f.DefaultMavenResourcesFiltering - skip non existing resourceDirectory E:\SDET Codes Ecllipse\Flipkart\src\test\resources
2025-01-27 17:47:01,061 [Worker-47: Building] INFO  o.a.m.s.f.DefaultMavenResourcesFiltering - skip non existing resourceDirectory E:\SDET Codes Ecllipse\Flipkart\src\main\resources
2025-01-27 17:47:01,063 [Worker-47: Building] INFO  o.a.m.s.f.DefaultMavenResourcesFiltering - skip non existing resourceDirectory E:\SDET Codes Ecllipse\Flipkart\src\test\resources
2025-01-27 17:47:15,456 [Worker-37: Building] INFO  o.a.m.s.f.DefaultMavenResourcesFiltering - skip non existing resourceDirectory E:\SDET Codes Ecllipse\Flipkart\src\main\resources
2025-01-27 17:47:15,457 [Worker-37: Building] INFO  o.a.m.s.f.DefaultMavenResourcesFiltering - skip non existing resourceDirectory E:\SDET Codes Ecllipse\Flipkart\src\test\resources
2025-01-27 17:47:18,930 [Worker-44: Building] INFO  o.a.m.s.f.DefaultMavenResourcesFiltering - skip non existing resourceDirectory E:\SDET Codes Ecllipse\Flipkart\src\main\resources
2025-01-27 17:47:18,931 [Worker-44: Building] INFO  o.a.m.s.f.DefaultMavenResourcesFiltering - skip non existing resourceDirectory E:\SDET Codes Ecllipse\Flipkart\src\test\resources
2025-01-27 17:47:31,239 [Worker-44: Building] INFO  o.a.m.s.f.DefaultMavenResourcesFiltering - skip non existing resourceDirectory E:\SDET Codes Ecllipse\Flipkart\src\main\resources
2025-01-27 17:47:31,240 [Worker-44: Building] INFO  o.a.m.s.f.DefaultMavenResourcesFiltering - skip non existing resourceDirectory E:\SDET Codes Ecllipse\Flipkart\src\test\resources
2025-01-27 17:47:37,957 [Worker-37: Building] INFO  o.a.m.s.f.DefaultMavenResourcesFiltering - skip non existing resourceDirectory E:\SDET Codes Ecllipse\Flipkart\src\main\resources
2025-01-27 17:47:37,959 [Worker-37: Building] INFO  o.a.m.s.f.DefaultMavenResourcesFiltering - skip non existing resourceDirectory E:\SDET Codes Ecllipse\Flipkart\src\test\resources
2025-01-27 17:48:41,174 [Worker-44: Building] INFO  o.a.m.s.f.DefaultMavenResourcesFiltering - skip non existing resourceDirectory E:\SDET Codes Ecllipse\Flipkart\src\main\resources
2025-01-27 17:48:41,176 [Worker-44: Building] INFO  o.a.m.s.f.DefaultMavenResourcesFiltering - skip non existing resourceDirectory E:\SDET Codes Ecllipse\Flipkart\src\test\resources
2025-01-27 17:49:14,876 [Worker-47: Building] INFO  o.a.m.s.f.DefaultMavenResourcesFiltering - skip non existing resourceDirectory E:\SDET Codes Ecllipse\Flipkart\src\main\resources
2025-01-27 17:49:14,877 [Worker-47: Building] INFO  o.a.m.s.f.DefaultMavenResourcesFiltering - skip non existing resourceDirectory E:\SDET Codes Ecllipse\Flipkart\src\test\resources
2025-01-27 17:49:41,959 [Worker-47: Building] INFO  o.a.m.s.f.DefaultMavenResourcesFiltering - skip non existing resourceDirectory E:\SDET Codes Ecllipse\Flipkart\src\main\resources
2025-01-27 17:49:41,960 [Worker-47: Building] INFO  o.a.m.s.f.DefaultMavenResourcesFiltering - skip non existing resourceDirectory E:\SDET Codes Ecllipse\Flipkart\src\test\resources
2025-01-27 17:53:24,500 [Worker-43: Building] INFO  o.a.m.s.f.DefaultMavenResourcesFiltering - skip non existing resourceDirectory E:\SDET Codes Ecllipse\Flipkart\src\main\resources
2025-01-27 17:53:24,502 [Worker-43: Building] INFO  o.a.m.s.f.DefaultMavenResourcesFiltering - skip non existing resourceDirectory E:\SDET Codes Ecllipse\Flipkart\src\test\resources
2025-01-27 17:53:35,900 [Worker-43: Building] INFO  o.a.m.s.f.DefaultMavenResourcesFiltering - skip non existing resourceDirectory E:\SDET Codes Ecllipse\Flipkart\src\main\resources
2025-01-27 17:53:35,903 [Worker-43: Building] INFO  o.a.m.s.f.DefaultMavenResourcesFiltering - skip non existing resourceDirectory E:\SDET Codes Ecllipse\Flipkart\src\test\resources
2025-01-27 17:54:03,288 [Worker-37: Building] INFO  o.a.m.s.f.DefaultMavenResourcesFiltering - skip non existing resourceDirectory E:\SDET Codes Ecllipse\Flipkart\src\main\resources
2025-01-27 17:54:03,289 [Worker-37: Building] INFO  o.a.m.s.f.DefaultMavenResourcesFiltering - skip non existing resourceDirectory E:\SDET Codes Ecllipse\Flipkart\src\test\resources
2025-01-27 17:54:28,774 [Worker-47: Building] INFO  o.a.m.s.f.DefaultMavenResourcesFiltering - skip non existing resourceDirectory E:\SDET Codes Ecllipse\Flipkart\src\main\resources
2025-01-27 17:54:28,776 [Worker-47: Building] INFO  o.a.m.s.f.DefaultMavenResourcesFiltering - skip non existing resourceDirectory E:\SDET Codes Ecllipse\Flipkart\src\test\resources
2025-01-27 17:54:54,877 [Worker-37: Building] INFO  o.a.m.s.f.DefaultMavenResourcesFiltering - skip non existing resourceDirectory E:\SDET Codes Ecllipse\Flipkart\src\main\resources
2025-01-27 17:54:54,878 [Worker-37: Building] INFO  o.a.m.s.f.DefaultMavenResourcesFiltering - skip non existing resourceDirectory E:\SDET Codes Ecllipse\Flipkart\src\test\resources
2025-01-27 17:58:42,430 [Worker-43: Building] INFO  o.a.m.s.f.DefaultMavenResourcesFiltering - skip non existing resourceDirectory E:\SDET Codes Ecllipse\Flipkart\src\main\resources
2025-01-27 17:58:42,431 [Worker-43: Building] INFO  o.a.m.s.f.DefaultMavenResourcesFiltering - skip non existing resourceDirectory E:\SDET Codes Ecllipse\Flipkart\src\test\resources
2025-01-27 17:59:16,583 [Worker-44: Building] INFO  o.a.m.s.f.DefaultMavenResourcesFiltering - skip non existing resourceDirectory E:\SDET Codes Ecllipse\Flipkart\src\main\resources
2025-01-27 17:59:16,584 [Worker-44: Building] INFO  o.a.m.s.f.DefaultMavenResourcesFiltering - skip non existing resourceDirectory E:\SDET Codes Ecllipse\Flipkart\src\test\resources
2025-01-27 17:59:22,296 [Worker-43: Building] INFO  o.a.m.s.f.DefaultMavenResourcesFiltering - skip non existing resourceDirectory E:\SDET Codes Ecllipse\Flipkart\src\main\resources
2025-01-27 17:59:22,297 [Worker-43: Building] INFO  o.a.m.s.f.DefaultMavenResourcesFiltering - skip non existing resourceDirectory E:\SDET Codes Ecllipse\Flipkart\src\test\resources
2025-01-27 17:59:25,428 [Worker-43: Building] INFO  o.a.m.s.f.DefaultMavenResourcesFiltering - skip non existing resourceDirectory E:\SDET Codes Ecllipse\Flipkart\src\main\resources
2025-01-27 17:59:25,429 [Worker-43: Building] INFO  o.a.m.s.f.DefaultMavenResourcesFiltering - skip non existing resourceDirectory E:\SDET Codes Ecllipse\Flipkart\src\test\resources
2025-01-27 17:59:35,223 [Worker-51: Building] INFO  o.a.m.s.f.DefaultMavenResourcesFiltering - skip non existing resourceDirectory E:\SDET Codes Ecllipse\Flipkart\src\main\resources
2025-01-27 17:59:35,224 [Worker-51: Building] INFO  o.a.m.s.f.DefaultMavenResourcesFiltering - skip non existing resourceDirectory E:\SDET Codes Ecllipse\Flipkart\src\test\resources
2025-01-27 18:00:10,654 [Worker-37: Building] INFO  o.a.m.s.f.DefaultMavenResourcesFiltering - skip non existing resourceDirectory E:\SDET Codes Ecllipse\Flipkart\src\main\resources
2025-01-27 18:00:10,656 [Worker-37: Building] INFO  o.a.m.s.f.DefaultMavenResourcesFiltering - skip non existing resourceDirectory E:\SDET Codes Ecllipse\Flipkart\src\test\resources
2025-01-27 18:02:47,602 [Worker-44: Building] INFO  o.a.m.s.f.DefaultMavenResourcesFiltering - skip non existing resourceDirectory E:\SDET Codes Ecllipse\Flipkart\src\main\resources
2025-01-27 18:02:47,603 [Worker-44: Building] INFO  o.a.m.s.f.DefaultMavenResourcesFiltering - skip non existing resourceDirectory E:\SDET Codes Ecllipse\Flipkart\src\test\resources
2025-01-27 18:03:20,575 [Worker-43: Building] INFO  o.a.m.s.f.DefaultMavenResourcesFiltering - skip non existing resourceDirectory E:\SDET Codes Ecllipse\Flipkart\src\main\resources
2025-01-27 18:03:20,576 [Worker-43: Building] INFO  o.a.m.s.f.DefaultMavenResourcesFiltering - skip non existing resourceDirectory E:\SDET Codes Ecllipse\Flipkart\src\test\resources
2025-01-27 18:03:46,820 [Worker-43: Building] INFO  o.a.m.s.f.DefaultMavenResourcesFiltering - skip non existing resourceDirectory E:\SDET Codes Ecllipse\Flipkart\src\main\resources
2025-01-27 18:03:46,821 [Worker-43: Building] INFO  o.a.m.s.f.DefaultMavenResourcesFiltering - skip non existing resourceDirectory E:\SDET Codes Ecllipse\Flipkart\src\test\resources
2025-01-27 18:03:55,780 [Worker-51: Building] INFO  o.a.m.s.f.DefaultMavenResourcesFiltering - skip non existing resourceDirectory E:\SDET Codes Ecllipse\Flipkart\src\main\resources
2025-01-27 18:03:55,781 [Worker-51: Building] INFO  o.a.m.s.f.DefaultMavenResourcesFiltering - skip non existing resourceDirectory E:\SDET Codes Ecllipse\Flipkart\src\test\resources
2025-01-27 18:04:23,829 [Worker-37: Building] INFO  o.a.m.s.f.DefaultMavenResourcesFiltering - skip non existing resourceDirectory E:\SDET Codes Ecllipse\Flipkart\src\main\resources
2025-01-27 18:04:23,830 [Worker-37: Building] INFO  o.a.m.s.f.DefaultMavenResourcesFiltering - skip non existing resourceDirectory E:\SDET Codes Ecllipse\Flipkart\src\test\resources
2025-01-27 18:05:06,961 [Worker-44: Building] INFO  o.a.m.s.f.DefaultMavenResourcesFiltering - skip non existing resourceDirectory E:\SDET Codes Ecllipse\Flipkart\src\main\resources
2025-01-27 18:05:06,963 [Worker-44: Building] INFO  o.a.m.s.f.DefaultMavenResourcesFiltering - skip non existing resourceDirectory E:\SDET Codes Ecllipse\Flipkart\src\test\resources
2025-01-27 18:05:15,198 [Worker-47: Building] INFO  o.a.m.s.f.DefaultMavenResourcesFiltering - skip non existing resourceDirectory E:\SDET Codes Ecllipse\Flipkart\src\main\resources
2025-01-27 18:05:15,199 [Worker-47: Building] INFO  o.a.m.s.f.DefaultMavenResourcesFiltering - skip non existing resourceDirectory E:\SDET Codes Ecllipse\Flipkart\src\test\resources
2025-01-27 18:05:29,358 [Worker-37: Building] INFO  o.a.m.s.f.DefaultMavenResourcesFiltering - skip non existing resourceDirectory E:\SDET Codes Ecllipse\Flipkart\src\main\resources
2025-01-27 18:05:29,359 [Worker-37: Building] INFO  o.a.m.s.f.DefaultMavenResourcesFiltering - skip non existing resourceDirectory E:\SDET Codes Ecllipse\Flipkart\src\test\resources
2025-01-27 18:06:07,763 [Worker-37: Building] INFO  o.a.m.s.f.DefaultMavenResourcesFiltering - skip non existing resourceDirectory E:\SDET Codes Ecllipse\Flipkart\src\main\resources
2025-01-27 18:06:07,764 [Worker-37: Building] INFO  o.a.m.s.f.DefaultMavenResourcesFiltering - skip non existing resourceDirectory E:\SDET Codes Ecllipse\Flipkart\src\test\resources
2025-01-27 18:06:11,231 [Worker-47: Building] INFO  o.a.m.s.f.DefaultMavenResourcesFiltering - skip non existing resourceDirectory E:\SDET Codes Ecllipse\Flipkart\src\main\resources
2025-01-27 18:06:11,231 [Worker-47: Building] INFO  o.a.m.s.f.DefaultMavenResourcesFiltering - skip non existing resourceDirectory E:\SDET Codes Ecllipse\Flipkart\src\test\resources
2025-01-27 18:06:29,340 [Worker-37: Building] INFO  o.a.m.s.f.DefaultMavenResourcesFiltering - skip non existing resourceDirectory E:\SDET Codes Ecllipse\Flipkart\src\main\resources
2025-01-27 18:06:29,341 [Worker-37: Building] INFO  o.a.m.s.f.DefaultMavenResourcesFiltering - skip non existing resourceDirectory E:\SDET Codes Ecllipse\Flipkart\src\test\resources
2025-01-27 18:06:34,936 [Worker-43: Building] INFO  o.a.m.s.f.DefaultMavenResourcesFiltering - skip non existing resourceDirectory E:\SDET Codes Ecllipse\Flipkart\src\main\resources
2025-01-27 18:06:34,937 [Worker-43: Building] INFO  o.a.m.s.f.DefaultMavenResourcesFiltering - skip non existing resourceDirectory E:\SDET Codes Ecllipse\Flipkart\src\test\resources
2025-01-27 18:07:05,507 [Worker-43: Building] INFO  o.a.m.s.f.DefaultMavenResourcesFiltering - skip non existing resourceDirectory E:\SDET Codes Ecllipse\Flipkart\src\main\resources
2025-01-27 18:07:05,509 [Worker-43: Building] INFO  o.a.m.s.f.DefaultMavenResourcesFiltering - skip non existing resourceDirectory E:\SDET Codes Ecllipse\Flipkart\src\test\resources
2025-01-27 18:07:11,480 [Worker-51: Building] INFO  o.a.m.s.f.DefaultMavenResourcesFiltering - skip non existing resourceDirectory E:\SDET Codes Ecllipse\Flipkart\src\main\resources
2025-01-27 18:07:11,480 [Worker-51: Building] INFO  o.a.m.s.f.DefaultMavenResourcesFiltering - skip non existing resourceDirectory E:\SDET Codes Ecllipse\Flipkart\src\test\resources
